TN:
SF:src\App.jsx
FN:21,ProtectedRoute
FN:29,App
FNF:2
FNH:0
FNDA:0,ProtectedRoute
FNDA:0,App
DA:22,0
DA:23,0
DA:24,0
DA:26,0
DA:30,0
DA:32,0
LF:6
LH:0
BRDA:23,0,0,0
BRDA:23,0,1,0
BRF:2
BRH:0
end_of_record
TN:
SF:src\components\ApprovalCard.jsx
FN:4,ApprovalCard
FN:42,(anonymous_1)
FN:48,(anonymous_2)
FNF:3
FNH:3
FNDA:5,ApprovalCard
FNDA:1,(anonymous_1)
FNDA:1,(anonymous_2)
DA:5,5
DA:7,5
DA:42,1
DA:48,1
LF:4
LH:4
BRDA:25,0,0,1
BRDA:25,0,1,4
BRF:2
BRH:2
end_of_record
TN:
SF:src\components\BookingForm.jsx
FN:3,BookingForm
FN:16,(anonymous_1)
FN:26,(anonymous_2)
FNF:3
FNH:3
FNDA:8,BookingForm
FNDA:1,(anonymous_1)
FNDA:1,(anonymous_2)
DA:4,8
DA:6,8
DA:16,1
DA:26,1
LF:4
LH:4
BRDA:27,0,0,8
BRDA:27,0,1,7
BRDA:33,1,0,8
BRDA:33,1,1,2
BRDA:39,2,0,8
BRDA:39,2,1,6
BRDA:39,2,2,2
BRDA:41,3,0,1
BRDA:41,3,1,1
BRF:9
BRH:9
end_of_record
TN:
SF:src\components\BorrowedItemCard.jsx
FN:4,BorrowedItemCard
FN:49,(anonymous_1)
FN:57,(anonymous_2)
FN:64,(anonymous_3)
FNF:4
FNH:0
FNDA:0,BorrowedItemCard
FNDA:0,(anonymous_1)
FNDA:0,(anonymous_2)
FNDA:0,(anonymous_3)
DA:13,0
DA:14,0
DA:49,0
DA:57,0
DA:64,0
LF:5
LH:0
BRDA:9,0,0,0
BRDA:10,1,0,0
BRDA:11,2,0,0
BRDA:42,3,0,0
BRDA:42,3,1,0
BRF:5
BRH:0
end_of_record
TN:
SF:src\components\CompletedRentalCard.jsx
FN:4,CompletedRentalCard
FN:80,(anonymous_1)
FNF:2
FNH:2
FNDA:9,CompletedRentalCard
FNDA:1,(anonymous_1)
DA:5,9
DA:6,9
DA:7,9
DA:25,9
DA:26,9
DA:80,1
LF:6
LH:6
BRDA:5,0,0,9
BRDA:5,0,1,0
BRDA:7,1,0,5
BRDA:7,1,1,4
BRDA:13,2,0,3
BRDA:13,2,1,1
BRDA:66,3,0,5
BRDA:66,3,1,4
BRDA:68,4,0,3
BRDA:68,4,1,1
BRDA:69,5,0,3
BRDA:69,5,1,2
BRDA:72,6,0,9
BRDA:72,6,1,9
BRDA:75,7,0,9
BRDA:75,7,1,5
BRF:16
BRH:15
end_of_record
TN:
SF:src\components\DashboardLayout.jsx
FN:5,DashboardLayout
FN:9,(anonymous_1)
FN:14,(anonymous_2)
FN:63,(anonymous_3)
FN:67,(anonymous_4)
FNF:5
FNH:0
FNDA:0,DashboardLayout
FNDA:0,(anonymous_1)
FNDA:0,(anonymous_2)
FNDA:0,(anonymous_3)
FNDA:0,(anonymous_4)
DA:6,0
DA:7,0
DA:9,0
DA:10,0
DA:11,0
DA:14,0
DA:25,0
DA:64,0
DA:65,0
DA:68,0
DA:69,0
LF:11
LH:0
BRDA:19,0,0,0
BRDA:19,0,1,0
BRDA:20,1,0,0
BRDA:20,1,1,0
BRDA:21,2,0,0
BRDA:21,2,1,0
BRF:6
BRH:0
end_of_record
TN:
SF:src\components\Footer.jsx
FN:4,Footer
FNF:1
FNH:0
FNDA:0,Footer
DA:5,0
LF:1
LH:0
BRF:0
BRH:0
end_of_record
TN:
SF:src\components\ItemCard.jsx
FN:5,ItemCard
FN:8,(anonymous_1)
FN:31,(anonymous_2)
FN:74,(anonymous_3)
FN:85,(anonymous_4)
FNF:5
FNH:1
FNDA:14,ItemCard
FNDA:0,(anonymous_1)
FNDA:0,(anonymous_2)
FNDA:0,(anonymous_3)
FNDA:0,(anonymous_4)
DA:6,14
DA:8,14
DA:9,0
DA:12,14
DA:13,14
DA:14,14
DA:15,14
DA:16,14
DA:21,14
DA:22,14
DA:24,14
DA:32,0
DA:33,0
DA:34,0
DA:75,0
DA:76,0
DA:77,0
DA:86,0
DA:87,0
LF:19
LH:10
BRDA:12,0,0,14
BRDA:12,0,1,0
BRDA:13,1,0,13
BRDA:13,1,1,1
BRDA:14,2,0,13
BRDA:14,2,1,1
BRDA:15,3,0,13
BRDA:15,3,1,1
BRDA:16,4,0,1
BRDA:16,4,1,13
BRDA:21,5,0,14
BRDA:21,5,1,13
BRDA:21,6,0,13
BRDA:21,6,1,0
BRDA:32,7,0,0
BRDA:32,7,1,0
BRDA:32,8,0,0
BRDA:32,8,1,0
BRDA:45,9,0,14
BRDA:45,9,1,1
BRDA:62,10,0,14
BRDA:62,10,1,13
BRDA:65,11,0,14
BRDA:65,11,1,0
BRDA:76,12,0,0
BRDA:76,12,1,0
BRF:26
BRH:17
end_of_record
TN:
SF:src\components\ItemGallery.jsx
FN:4,ItemGallery
FN:30,(anonymous_1)
FN:35,(anonymous_2)
FNF:3
FNH:0
FNDA:0,ItemGallery
FNDA:0,(anonymous_1)
FNDA:0,(anonymous_2)
DA:5,0
DA:7,0
DA:8,0
DA:10,0
DA:31,0
DA:32,0
DA:35,0
LF:7
LH:0
BRDA:4,0,0,0
BRDA:4,1,0,0
BRDA:7,2,0,0
BRDA:7,2,1,0
BRDA:8,3,0,0
BRDA:8,3,1,0
BRDA:28,4,0,0
BRDA:28,4,1,0
BRDA:31,5,0,0
BRDA:31,5,1,0
BRDA:44,6,0,0
BRDA:44,6,1,0
BRDA:45,7,0,0
BRDA:45,7,1,0
BRDA:47,8,0,0
BRDA:47,8,1,0
BRF:16
BRH:0
end_of_record
TN:
SF:src\components\ItemInfo.jsx
FN:3,ItemInfo
FNF:1
FNH:1
FNDA:9,ItemInfo
DA:4,9
DA:5,9
DA:7,9
LF:3
LH:3
BRDA:4,0,0,8
BRDA:4,0,1,1
BRDA:5,1,0,9
BRDA:5,1,1,0
BRDA:13,2,0,8
BRDA:13,2,1,1
BRDA:14,3,0,8
BRDA:14,3,1,1
BRDA:35,4,0,9
BRDA:35,4,1,0
BRDA:45,5,0,9
BRDA:45,5,1,1
BRDA:57,6,0,9
BRDA:57,6,1,0
BRDA:63,7,0,9
BRDA:63,7,1,0
BRDA:68,8,0,9
BRDA:68,8,1,0
BRDA:70,9,0,9
BRDA:70,9,1,0
BRF:20
BRH:14
end_of_record
TN:
SF:src\components\ListingCard.jsx
FN:22,ListingCard
FN:109,(anonymous_1)
FN:122,(anonymous_2)
FN:140,(anonymous_3)
FN:147,(anonymous_4)
FN:163,(anonymous_5)
FN:170,(anonymous_6)
FN:177,(anonymous_7)
FNF:8
FNH:5
FNDA:12,ListingCard
FNDA:1,(anonymous_1)
FNDA:1,(anonymous_2)
FNDA:0,(anonymous_3)
FNDA:0,(anonymous_4)
FNDA:1,(anonymous_5)
FNDA:0,(anonymous_6)
FNDA:1,(anonymous_7)
DA:4,1
DA:31,12
DA:32,12
DA:33,12
DA:35,12
DA:109,1
DA:123,1
DA:140,0
DA:147,0
DA:163,1
DA:170,0
DA:177,1
LF:12
LH:9
BRDA:31,0,0,12
BRDA:31,0,1,0
BRDA:71,1,0,12
BRDA:71,1,1,2
BRDA:87,2,0,12
BRDA:87,2,1,9
BRDA:89,3,0,1
BRDA:89,3,1,8
BRDA:102,4,0,12
BRDA:102,4,1,3
BRDA:108,5,0,2
BRDA:108,5,1,1
BRDA:118,6,0,12
BRDA:118,6,1,1
BRDA:142,7,0,1
BRDA:142,7,1,0
BRDA:144,8,0,1
BRDA:144,8,1,0
BRDA:172,9,0,2
BRDA:172,9,1,10
BRF:20
BRH:17
end_of_record
TN:
SF:src\components\Navbar.jsx
FN:7,Navbar
FN:13,(anonymous_1)
FN:14,(anonymous_2)
FN:20,(anonymous_3)
FN:23,(anonymous_4)
FN:51,(anonymous_5)
FN:55,(anonymous_6)
FN:56,(anonymous_7)
FN:67,(anonymous_8)
FN:68,(anonymous_9)
FN:69,(anonymous_10)
FNF:11
FNH:4
FNDA:6,Navbar
FNDA:6,(anonymous_1)
FNDA:6,(anonymous_2)
FNDA:6,(anonymous_3)
FNDA:0,(anonymous_4)
FNDA:0,(anonymous_5)
FNDA:0,(anonymous_6)
FNDA:0,(anonymous_7)
FNDA:0,(anonymous_8)
FNDA:0,(anonymous_9)
FNDA:0,(anonymous_10)
DA:8,6
DA:9,6
DA:10,6
DA:11,6
DA:13,6
DA:14,6
DA:15,6
DA:18,6
DA:19,6
DA:20,6
DA:23,6
DA:24,0
DA:25,0
DA:28,6
DA:52,0
DA:53,0
DA:56,0
DA:67,0
DA:68,0
DA:69,0
LF:20
LH:12
BRDA:29,0,0,0
BRDA:29,0,1,6
BRDA:36,1,0,6
BRDA:36,1,1,3
BRDA:44,2,0,3
BRDA:44,2,1,3
BRDA:61,3,0,3
BRDA:61,3,1,0
BRDA:61,3,2,0
BRDA:62,4,0,3
BRDA:62,4,1,0
BRDA:62,4,2,0
BRDA:65,5,0,3
BRDA:65,5,1,0
BRF:14
BRH:8
end_of_record
TN:
SF:src\components\PendingRequestCard.jsx
FN:4,PendingRequestCard
FN:59,(anonymous_1)
FN:66,(anonymous_2)
FNF:3
FNH:0
FNDA:0,PendingRequestCard
FNDA:0,(anonymous_1)
FNDA:0,(anonymous_2)
DA:5,0
DA:6,0
DA:59,0
DA:66,0
LF:4
LH:0
BRF:0
BRH:0
end_of_record
TN:
SF:src\components\PriceBreakdown.jsx
FN:3,PriceBreakdown
FNF:1
FNH:1
FNDA:12,PriceBreakdown
DA:4,12
LF:1
LH:1
BRDA:3,0,0,12
BRDA:3,1,0,12
BRDA:8,2,0,10
BRDA:8,2,1,2
BRDA:11,3,0,0
BRDA:11,3,1,10
BRDA:33,4,0,10
BRDA:33,4,1,2
BRDA:39,5,0,9
BRDA:39,5,1,3
BRDA:39,6,0,9
BRDA:39,6,1,3
BRDA:45,7,0,12
BRDA:45,7,1,1
BRF:14
BRH:13
end_of_record
TN:
SF:src\components\RentalHistoryCard.jsx
FN:3,RentalHistoryCard
FNF:1
FNH:0
FNDA:0,RentalHistoryCard
DA:4,0
DA:6,0
DA:24,0
LF:3
LH:0
BRDA:4,0,0,0
BRDA:4,0,1,0
BRDA:6,1,0,0
BRDA:6,1,1,0
BRDA:12,2,0,0
BRDA:12,2,1,0
BRDA:41,3,0,0
BRDA:41,3,1,0
BRDA:41,3,2,0
BRF:9
BRH:0
end_of_record
TN:
SF:src\components\UpcomingRentalCard.jsx
FN:4,UpcomingRentalCard
FN:39,(anonymous_1)
FN:46,(anonymous_2)
FNF:3
FNH:0
FNDA:0,UpcomingRentalCard
FNDA:0,(anonymous_1)
FNDA:0,(anonymous_2)
DA:5,0
DA:6,0
DA:39,0
DA:46,0
LF:4
LH:0
BRF:0
BRH:0
end_of_record
TN:
SF:src\constants\bookingStatus.js
FNF:0
FNH:0
DA:1,2
LF:1
LH:1
BRF:0
BRH:0
end_of_record
TN:
SF:src\context\AuthContext.jsx
FN:8,(anonymous_0)
FN:9,(anonymous_1)
FN:13,(anonymous_2)
FN:15,(anonymous_3)
FN:23,(anonymous_4)
FN:24,(anonymous_5)
FN:28,(anonymous_6)
FN:31,(anonymous_7)
FN:50,(anonymous_8)
FNF:9
FNH:8
FNDA:15,(anonymous_0)
FNDA:8,(anonymous_1)
FNDA:8,(anonymous_2)
FNDA:2,(anonymous_3)
FNDA:8,(anonymous_4)
FNDA:0,(anonymous_5)
FNDA:8,(anonymous_6)
FNDA:5,(anonymous_7)
FNDA:71,(anonymous_8)
DA:4,6
DA:5,6
DA:6,6
DA:8,6
DA:9,15
DA:10,8
DA:11,8
DA:13,15
DA:15,15
DA:16,2
DA:17,2
DA:18,2
DA:19,2
DA:23,15
DA:24,8
DA:25,0
DA:26,0
DA:28,8
DA:31,15
DA:32,5
DA:33,5
DA:34,5
DA:35,0
DA:37,5
DA:38,5
DA:39,5
DA:40,5
DA:43,15
DA:50,71
LF:29
LH:26
BRDA:11,0,0,1
BRDA:11,0,1,7
BRDA:34,1,0,0
BRDA:34,1,1,5
BRDA:34,2,0,5
BRDA:34,2,1,5
BRF:6
BRH:5
end_of_record
TN:
SF:src\context\BookingContext.jsx
FN:8,(anonymous_0)
FN:10,(anonymous_1)
FN:12,(anonymous_2)
FN:20,BookingProvider
FN:24,(anonymous_4)
FN:33,(anonymous_5)
FN:64,(anonymous_6)
FN:67,(anonymous_7)
FN:70,(anonymous_8)
FN:71,(anonymous_9)
FN:78,(anonymous_10)
FN:83,(anonymous_11)
FN:88,(anonymous_12)
FN:93,(anonymous_13)
FN:98,(anonymous_14)
FN:103,(anonymous_15)
FN:108,(anonymous_16)
FN:113,(anonymous_17)
FN:132,useBookings
FNF:19
FNH:0
FNDA:0,(anonymous_0)
FNDA:0,(anonymous_1)
FNDA:0,(anonymous_2)
FNDA:0,BookingProvider
FNDA:0,(anonymous_4)
FNDA:0,(anonymous_5)
FNDA:0,(anonymous_6)
FNDA:0,(anonymous_7)
FNDA:0,(anonymous_8)
FNDA:0,(anonymous_9)
FNDA:0,(anonymous_10)
FNDA:0,(anonymous_11)
FNDA:0,(anonymous_12)
FNDA:0,(anonymous_13)
FNDA:0,(anonymous_14)
FNDA:0,(anonymous_15)
FNDA:0,(anonymous_16)
FNDA:0,(anonymous_17)
FNDA:0,useBookings
DA:6,0
DA:8,0
DA:10,0
DA:11,0
DA:12,0
DA:13,0
DA:14,0
DA:15,0
DA:17,0
DA:21,0
DA:22,0
DA:24,0
DA:25,0
DA:26,0
DA:27,0
DA:30,0
DA:31,0
DA:32,0
DA:33,0
DA:51,0
DA:52,0
DA:54,0
DA:57,0
DA:58,0
DA:64,0
DA:65,0
DA:66,0
DA:67,0
DA:70,0
DA:71,0
DA:73,0
DA:74,0
DA:78,0
DA:79,0
DA:80,0
DA:83,0
DA:84,0
DA:85,0
DA:88,0
DA:89,0
DA:90,0
DA:93,0
DA:94,0
DA:95,0
DA:98,0
DA:99,0
DA:100,0
DA:103,0
DA:104,0
DA:105,0
DA:108,0
DA:109,0
DA:110,0
DA:113,0
DA:114,0
DA:129,0
DA:133,0
DA:134,0
DA:135,0
DA:137,0
LF:60
LH:0
BRDA:8,0,0,0
BRDA:8,0,1,0
BRDA:13,1,0,0
BRDA:13,1,1,0
BRDA:14,2,0,0
BRDA:14,2,1,0
BRDA:25,3,0,0
BRDA:25,3,1,0
BRDA:32,4,0,0
BRDA:32,4,1,0
BRDA:32,5,0,0
BRDA:32,5,1,0
BRDA:36,6,0,0
BRDA:36,6,1,0
BRDA:37,7,0,0
BRDA:37,7,1,0
BRDA:40,8,0,0
BRDA:40,8,1,0
BRDA:44,9,0,0
BRDA:44,9,1,0
BRDA:44,10,0,0
BRDA:44,10,1,0
BRDA:46,11,0,0
BRDA:46,11,1,0
BRDA:51,12,0,0
BRDA:51,12,1,0
BRDA:52,13,0,0
BRDA:52,13,1,0
BRDA:57,14,0,0
BRDA:57,14,1,0
BRDA:73,15,0,0
BRDA:73,15,1,0
BRDA:134,16,0,0
BRDA:134,16,1,0
BRF:34
BRH:0
end_of_record
TN:
SF:src\context\ChatContext.jsx
FN:8,ChatProvider
FN:26,(anonymous_1)
FN:33,(anonymous_2)
FN:39,(anonymous_3)
FN:52,(anonymous_4)
FN:69,(anonymous_5)
FN:74,(anonymous_6)
FN:75,(anonymous_7)
FN:77,(anonymous_8)
FN:80,(anonymous_9)
FN:88,(anonymous_10)
FN:89,(anonymous_11)
FN:90,(anonymous_12)
FN:96,(anonymous_13)
FN:97,(anonymous_14)
FN:103,(anonymous_15)
FN:104,(anonymous_16)
FN:114,(anonymous_17)
FN:115,(anonymous_18)
FN:121,(anonymous_19)
FN:132,(anonymous_20)
FN:143,(anonymous_21)
FN:151,(anonymous_22)
FN:166,(anonymous_23)
FN:180,(anonymous_24)
FN:193,(anonymous_25)
FN:199,(anonymous_26)
FN:200,(anonymous_27)
FN:204,(anonymous_28)
FN:240,useChat
FNF:30
FNH:17
FNDA:47,ChatProvider
FNDA:17,(anonymous_1)
FNDA:17,(anonymous_2)
FNDA:17,(anonymous_3)
FNDA:17,(anonymous_4)
FNDA:17,(anonymous_5)
FNDA:17,(anonymous_6)
FNDA:0,(anonymous_7)
FNDA:0,(anonymous_8)
FNDA:0,(anonymous_9)
FNDA:0,(anonymous_10)
FNDA:0,(anonymous_11)
FNDA:0,(anonymous_12)
FNDA:0,(anonymous_13)
FNDA:0,(anonymous_14)
FNDA:6,(anonymous_15)
FNDA:6,(anonymous_16)
FNDA:0,(anonymous_17)
FNDA:0,(anonymous_18)
FNDA:0,(anonymous_19)
FNDA:17,(anonymous_20)
FNDA:6,(anonymous_21)
FNDA:0,(anonymous_22)
FNDA:6,(anonymous_23)
FNDA:6,(anonymous_24)
FNDA:0,(anonymous_25)
FNDA:34,(anonymous_26)
FNDA:22,(anonymous_27)
FNDA:47,(anonymous_28)
FNDA:47,useChat
DA:6,3
DA:9,47
DA:10,47
DA:11,47
DA:12,47
DA:13,47
DA:14,47
DA:15,47
DA:16,47
DA:17,47
DA:18,47
DA:19,47
DA:22,47
DA:23,47
DA:26,47
DA:27,17
DA:28,16
DA:30,1
DA:33,17
DA:34,17
DA:39,47
DA:40,17
DA:41,1
DA:42,1
DA:44,16
DA:45,16
DA:46,16
DA:47,16
DA:48,16
DA:49,16
DA:51,16
DA:52,16
DA:53,17
DA:55,16
DA:58,0
DA:60,16
DA:65,47
DA:66,47
DA:69,47
DA:70,17
DA:74,47
DA:75,17
DA:76,0
DA:77,0
DA:80,0
DA:85,0
DA:88,17
DA:89,0
DA:90,0
DA:91,0
DA:92,0
DA:96,17
DA:97,0
DA:103,17
DA:104,6
DA:105,6
DA:106,2
DA:107,2
DA:108,2
DA:110,4
DA:114,17
DA:115,0
DA:121,17
DA:122,0
DA:125,17
DA:126,17
DA:127,17
DA:128,17
DA:129,17
DA:130,17
DA:132,17
DA:133,17
DA:134,17
DA:135,17
DA:136,17
DA:137,17
DA:138,17
DA:143,47
DA:144,6
DA:145,6
DA:146,6
DA:147,6
DA:148,6
DA:149,6
DA:150,6
DA:151,0
DA:153,6
DA:155,6
DA:156,6
DA:159,0
DA:161,6
DA:166,47
DA:168,6
DA:169,6
DA:171,6
DA:172,6
DA:173,6
DA:174,6
DA:176,6
DA:178,6
DA:179,6
DA:180,6
DA:185,0
DA:188,6
DA:193,47
DA:194,0
DA:195,0
DA:199,47
DA:200,34
DA:204,47
DA:205,47
DA:237,47
DA:241,47
DA:242,47
DA:243,0
DA:245,47
LF:116
LH:98
BRDA:27,0,0,16
BRDA:27,0,1,1
BRDA:27,1,0,17
BRDA:27,1,1,16
BRDA:40,2,0,1
BRDA:40,2,1,16
BRDA:47,3,0,16
BRDA:47,3,1,0
BRDA:48,4,0,16
BRDA:48,4,1,0
BRDA:53,5,0,17
BRDA:53,5,1,12
BRDA:76,6,0,0
BRDA:76,6,1,0
BRDA:82,7,0,0
BRDA:82,7,1,0
BRDA:91,8,0,0
BRDA:91,8,1,0
BRDA:105,9,0,2
BRDA:105,9,1,4
BRDA:143,10,0,6
BRDA:144,11,0,0
BRDA:144,11,1,6
BRDA:148,12,0,6
BRDA:148,12,1,0
BRDA:149,13,0,6
BRDA:149,13,1,0
BRDA:150,14,0,0
BRDA:150,14,1,6
BRDA:155,15,0,6
BRDA:155,15,1,6
BRDA:156,16,0,6
BRDA:156,16,1,6
BRDA:168,17,0,6
BRDA:168,17,1,0
BRDA:176,18,0,6
BRDA:176,18,1,0
BRDA:194,19,0,0
BRDA:194,19,1,0
BRDA:194,20,0,0
BRDA:194,20,1,0
BRDA:194,20,2,0
BRDA:200,21,0,34
BRDA:200,21,1,29
BRDA:242,22,0,0
BRDA:242,22,1,47
BRF:46
BRH:26
end_of_record
TN:
SF:src\context\ListingContext.jsx
FN:7,ListingProvider
FN:17,(anonymous_1)
FN:27,(anonymous_2)
FN:37,(anonymous_3)
FN:71,(anonymous_4)
FN:74,(anonymous_5)
FN:79,(anonymous_6)
FN:87,(anonymous_7)
FN:88,(anonymous_8)
FN:89,(anonymous_9)
FN:95,(anonymous_10)
FN:120,(anonymous_11)
FNF:12
FNH:1
FNDA:0,ListingProvider
FNDA:0,(anonymous_1)
FNDA:0,(anonymous_2)
FNDA:0,(anonymous_3)
FNDA:0,(anonymous_4)
FNDA:0,(anonymous_5)
FNDA:0,(anonymous_6)
FNDA:0,(anonymous_7)
FNDA:0,(anonymous_8)
FNDA:0,(anonymous_9)
FNDA:0,(anonymous_10)
FNDA:9,(anonymous_11)
DA:5,1
DA:8,0
DA:9,0
DA:10,0
DA:11,0
DA:12,0
DA:13,0
DA:15,0
DA:17,0
DA:27,0
DA:37,0
DA:38,0
DA:39,0
DA:42,0
DA:43,0
DA:45,0
DA:46,0
DA:51,0
DA:52,0
DA:53,0
DA:55,0
DA:56,0
DA:58,0
DA:59,0
DA:60,0
DA:61,0
DA:62,0
DA:64,0
DA:65,0
DA:71,0
DA:72,0
DA:73,0
DA:74,0
DA:75,0
DA:79,0
DA:80,0
DA:81,0
DA:82,0
DA:84,0
DA:87,0
DA:88,0
DA:89,0
DA:90,0
DA:95,0
DA:96,0
DA:97,0
DA:100,0
DA:120,1
DA:121,9
DA:122,9
DA:123,0
DA:125,9
LF:52
LH:5
BRDA:26,0,0,0
BRDA:26,0,1,0
BRDA:26,1,0,0
BRDA:26,1,1,0
BRDA:29,2,0,0
BRDA:29,2,1,0
BRDA:30,3,0,0
BRDA:30,3,1,0
BRDA:32,4,0,0
BRDA:32,4,1,0
BRDA:37,5,0,0
BRDA:38,6,0,0
BRDA:38,6,1,0
BRDA:38,7,0,0
BRDA:38,7,1,0
BRDA:48,8,0,0
BRDA:48,8,1,0
BRDA:51,9,0,0
BRDA:51,9,1,0
BRDA:52,10,0,0
BRDA:52,10,1,0
BRDA:55,11,0,0
BRDA:55,11,1,0
BRDA:58,12,0,0
BRDA:58,12,1,0
BRDA:62,13,0,0
BRDA:62,13,1,0
BRDA:64,14,0,0
BRDA:64,14,1,0
BRDA:64,15,0,0
BRDA:64,15,1,0
BRDA:81,16,0,0
BRDA:81,16,1,0
BRDA:90,17,0,0
BRDA:90,17,1,0
BRDA:122,18,0,0
BRDA:122,18,1,9
BRF:37
BRH:1
end_of_record
TN:
SF:src\pages\AddListing.jsx
FN:34,AddListing
FN:50,(anonymous_1)
FN:52,(anonymous_2)
FN:55,(anonymous_3)
FN:99,(anonymous_4)
FN:101,(anonymous_5)
FN:105,(anonymous_6)
FN:107,(anonymous_7)
FN:110,(anonymous_8)
FN:131,(anonymous_9)
FN:146,(anonymous_10)
FN:147,(anonymous_11)
FN:155,(anonymous_12)
FN:158,(anonymous_13)
FN:175,(anonymous_14)
FN:188,(anonymous_15)
FN:203,(anonymous_16)
FN:227,(anonymous_17)
FN:258,(anonymous_18)
FN:295,(anonymous_19)
FN:306,(anonymous_20)
FN:308,(anonymous_21)
FN:320,(anonymous_22)
FN:331,(anonymous_23)
FN:347,(anonymous_24)
FN:352,(anonymous_25)
FN:423,(anonymous_26)
FN:433,(anonymous_27)
FN:446,(anonymous_28)
FN:458,(anonymous_29)
FN:471,(anonymous_30)
FN:473,(anonymous_31)
FN:486,(anonymous_32)
FN:531,(anonymous_33)
FN:539,(anonymous_34)
FN:545,(anonymous_35)
FNF:36
FNH:0
FNDA:0,AddListing
FNDA:0,(anonymous_1)
FNDA:0,(anonymous_2)
FNDA:0,(anonymous_3)
FNDA:0,(anonymous_4)
FNDA:0,(anonymous_5)
FNDA:0,(anonymous_6)
FNDA:0,(anonymous_7)
FNDA:0,(anonymous_8)
FNDA:0,(anonymous_9)
FNDA:0,(anonymous_10)
FNDA:0,(anonymous_11)
FNDA:0,(anonymous_12)
FNDA:0,(anonymous_13)
FNDA:0,(anonymous_14)
FNDA:0,(anonymous_15)
FNDA:0,(anonymous_16)
FNDA:0,(anonymous_17)
FNDA:0,(anonymous_18)
FNDA:0,(anonymous_19)
FNDA:0,(anonymous_20)
FNDA:0,(anonymous_21)
FNDA:0,(anonymous_22)
FNDA:0,(anonymous_23)
FNDA:0,(anonymous_24)
FNDA:0,(anonymous_25)
FNDA:0,(anonymous_26)
FNDA:0,(anonymous_27)
FNDA:0,(anonymous_28)
FNDA:0,(anonymous_29)
FNDA:0,(anonymous_30)
FNDA:0,(anonymous_31)
FNDA:0,(anonymous_32)
FNDA:0,(anonymous_33)
FNDA:0,(anonymous_34)
FNDA:0,(anonymous_35)
DA:7,0
DA:9,0
DA:16,0
DA:17,0
DA:19,0
DA:35,0
DA:36,0
DA:37,0
DA:38,0
DA:39,0
DA:40,0
DA:41,0
DA:42,0
DA:43,0
DA:44,0
DA:46,0
DA:48,0
DA:50,0
DA:51,0
DA:52,0
DA:55,0
DA:56,0
DA:57,0
DA:58,0
DA:59,0
DA:61,0
DA:62,0
DA:63,0
DA:66,0
DA:67,0
DA:68,0
DA:69,0
DA:70,0
DA:72,0
DA:73,0
DA:74,0
DA:76,0
DA:77,0
DA:78,0
DA:80,0
DA:81,0
DA:82,0
DA:84,0
DA:85,0
DA:86,0
DA:89,0
DA:90,0
DA:91,0
DA:92,0
DA:95,0
DA:99,0
DA:100,0
DA:101,0
DA:105,0
DA:106,0
DA:107,0
DA:110,0
DA:111,0
DA:112,0
DA:114,0
DA:115,0
DA:116,0
DA:118,0
DA:119,0
DA:121,0
DA:122,0
DA:123,0
DA:124,0
DA:125,0
DA:126,0
DA:130,0
DA:131,0
DA:137,0
DA:139,0
DA:140,0
DA:141,0
DA:146,0
DA:147,0
DA:148,0
DA:149,0
DA:150,0
DA:155,0
DA:156,0
DA:158,0
DA:159,0
DA:160,0
DA:161,0
DA:162,0
DA:163,0
DA:175,0
DA:179,0
DA:181,0
DA:185,0
DA:188,0
DA:189,0
DA:190,0
DA:191,0
DA:193,0
DA:203,0
DA:209,0
DA:210,0
DA:211,0
DA:213,0
DA:214,0
DA:215,0
DA:216,0
DA:219,0
DA:220,0
DA:222,0
DA:227,0
DA:228,0
DA:231,0
DA:232,0
DA:241,0
DA:259,0
DA:260,0
DA:295,0
DA:306,0
DA:309,0
DA:320,0
DA:331,0
DA:348,0
DA:352,0
DA:423,0
DA:433,0
DA:446,0
DA:458,0
DA:471,0
DA:474,0
DA:486,0
DA:531,0
DA:540,0
DA:541,0
DA:545,0
LF:134
LH:0
BRDA:56,0,0,0
BRDA:56,0,1,0
BRDA:57,1,0,0
BRDA:57,1,1,0
BRDA:57,2,0,0
BRDA:57,2,1,0
BRDA:61,3,0,0
BRDA:61,3,1,0
BRDA:61,4,0,0
BRDA:61,4,1,0
BRDA:66,5,0,0
BRDA:66,5,1,0
BRDA:72,6,0,0
BRDA:72,6,1,0
BRDA:72,7,0,0
BRDA:72,7,1,0
BRDA:72,7,2,0
BRDA:72,7,3,0
BRDA:72,7,4,0
BRDA:72,7,5,0
BRDA:76,8,0,0
BRDA:76,8,1,0
BRDA:80,9,0,0
BRDA:80,9,1,0
BRDA:80,10,0,0
BRDA:80,10,1,0
BRDA:84,11,0,0
BRDA:84,11,1,0
BRDA:84,12,0,0
BRDA:84,12,1,0
BRDA:89,13,0,0
BRDA:89,13,1,0
BRDA:90,14,0,0
BRDA:90,14,1,0
BRDA:100,15,0,0
BRDA:100,15,1,0
BRDA:111,16,0,0
BRDA:111,16,1,0
BRDA:112,17,0,0
BRDA:112,17,1,0
BRDA:116,18,0,0
BRDA:116,18,1,0
BRDA:125,19,0,0
BRDA:125,19,1,0
BRDA:125,20,0,0
BRDA:125,20,1,0
BRDA:130,21,0,0
BRDA:130,21,1,0
BRDA:137,22,0,0
BRDA:137,22,1,0
BRDA:140,23,0,0
BRDA:140,23,1,0
BRDA:156,24,0,0
BRDA:156,24,1,0
BRDA:161,25,0,0
BRDA:161,25,1,0
BRDA:161,26,0,0
BRDA:161,26,1,0
BRDA:164,27,0,0
BRDA:164,27,1,0
BRDA:165,28,0,0
BRDA:165,28,1,0
BRDA:166,29,0,0
BRDA:166,29,1,0
BRDA:166,30,0,0
BRDA:166,30,1,0
BRDA:167,31,0,0
BRDA:167,31,1,0
BRDA:168,32,0,0
BRDA:168,32,1,0
BRDA:169,33,0,0
BRDA:169,33,1,0
BRDA:170,34,0,0
BRDA:170,34,1,0
BRDA:171,35,0,0
BRDA:171,35,1,0
BRDA:172,36,0,0
BRDA:172,36,1,0
BRDA:173,37,0,0
BRDA:173,37,1,0
BRDA:173,38,0,0
BRDA:173,38,1,0
BRDA:174,39,0,0
BRDA:174,39,1,0
BRDA:175,40,0,0
BRDA:175,40,1,0
BRDA:189,41,0,0
BRDA:189,41,1,0
BRDA:190,42,0,0
BRDA:190,42,1,0
BRDA:191,43,0,0
BRDA:191,43,1,0
BRDA:210,44,0,0
BRDA:210,44,1,0
BRDA:222,45,0,0
BRDA:222,45,1,0
BRDA:231,46,0,0
BRDA:231,46,1,0
BRDA:246,47,0,0
BRDA:246,47,1,0
BRDA:247,48,0,0
BRDA:247,48,1,0
BRDA:249,49,0,0
BRDA:249,49,1,0
BRDA:252,50,0,0
BRDA:252,50,1,0
BRDA:261,51,0,0
BRDA:261,51,1,0
BRDA:261,52,0,0
BRDA:261,52,1,0
BRDA:270,53,0,0
BRDA:270,53,1,0
BRDA:277,54,0,0
BRDA:277,54,1,0
BRDA:314,55,0,0
BRDA:314,55,1,0
BRDA:351,56,0,0
BRDA:351,56,1,0
BRDA:392,57,0,0
BRDA:392,57,1,0
BRDA:394,58,0,0
BRDA:394,58,1,0
BRDA:394,59,0,0
BRDA:394,59,1,0
BRDA:394,60,0,0
BRDA:394,60,1,0
BRDA:403,61,0,0
BRDA:403,61,1,0
BRDA:443,62,0,0
BRDA:443,62,1,0
BRDA:443,63,0,0
BRDA:443,63,1,0
BRDA:480,64,0,0
BRDA:480,64,1,0
BRDA:503,65,0,0
BRDA:503,65,1,0
BRDA:532,66,0,0
BRDA:532,66,1,0
BRDA:534,67,0,0
BRDA:534,67,1,0
BRDA:534,68,0,0
BRDA:534,68,1,0
BRDA:552,69,0,0
BRDA:552,69,1,0
BRDA:562,70,0,0
BRDA:562,70,1,0
BRDA:563,71,0,0
BRDA:563,71,1,0
BRDA:566,72,0,0
BRDA:566,72,1,0
BRF:150
BRH:0
end_of_record
TN:
SF:src\pages\Booking.jsx
FN:12,Booking
FN:19,(anonymous_1)
FN:28,(anonymous_2)
FN:68,(anonymous_3)
FN:75,(anonymous_4)
FN:89,(anonymous_5)
FN:101,(anonymous_6)
FN:115,(anonymous_7)
FN:120,(anonymous_8)
FN:133,(anonymous_9)
FN:164,(anonymous_10)
FN:172,(anonymous_11)
FNF:12
FNH:0
FNDA:0,Booking
FNDA:0,(anonymous_1)
FNDA:0,(anonymous_2)
FNDA:0,(anonymous_3)
FNDA:0,(anonymous_4)
FNDA:0,(anonymous_5)
FNDA:0,(anonymous_6)
FNDA:0,(anonymous_7)
FNDA:0,(anonymous_8)
FNDA:0,(anonymous_9)
FNDA:0,(anonymous_10)
FNDA:0,(anonymous_11)
DA:13,0
DA:14,0
DA:15,0
DA:16,0
DA:17,0
DA:19,0
DA:21,0
DA:22,0
DA:23,0
DA:24,0
DA:25,0
DA:26,0
DA:28,0
DA:29,0
DA:30,0
DA:31,0
DA:35,0
DA:36,0
DA:52,0
DA:53,0
DA:68,0
DA:75,0
DA:76,0
DA:77,0
DA:78,0
DA:80,0
DA:81,0
DA:83,0
DA:84,0
DA:86,0
DA:89,0
DA:90,0
DA:91,0
DA:92,0
DA:93,0
DA:94,0
DA:95,0
DA:96,0
DA:97,0
DA:98,0
DA:101,0
DA:103,0
DA:106,0
DA:107,0
DA:108,0
DA:109,0
DA:112,0
DA:115,0
DA:116,0
DA:117,0
DA:120,0
DA:121,0
DA:122,0
DA:125,0
DA:126,0
DA:127,0
DA:128,0
DA:129,0
DA:130,0
DA:131,0
DA:133,0
DA:134,0
DA:136,0
DA:137,0
DA:139,0
DA:140,0
DA:147,0
DA:148,0
DA:149,0
DA:152,0
DA:153,0
DA:154,0
DA:156,0
DA:157,0
DA:159,0
DA:164,0
DA:165,0
DA:168,0
DA:172,0
LF:79
LH:0
BRDA:16,0,0,0
BRDA:16,0,1,0
BRDA:21,1,0,0
BRDA:21,1,1,0
BRDA:22,2,0,0
BRDA:22,2,1,0
BRDA:29,3,0,0
BRDA:29,3,1,0
BRDA:35,4,0,0
BRDA:35,4,1,0
BRDA:35,5,0,0
BRDA:35,5,1,0
BRDA:52,6,0,0
BRDA:52,6,1,0
BRDA:76,7,0,0
BRDA:76,7,1,0
BRDA:76,8,0,0
BRDA:76,8,1,0
BRDA:86,9,0,0
BRDA:86,9,1,0
BRDA:91,10,0,0
BRDA:91,10,1,0
BRDA:91,11,0,0
BRDA:91,11,1,0
BRDA:96,12,0,0
BRDA:96,12,1,0
BRDA:103,13,0,0
BRDA:103,13,1,0
BRDA:103,13,2,0
BRDA:103,13,3,0
BRDA:103,13,4,0
BRDA:107,14,0,0
BRDA:107,14,1,0
BRDA:127,15,0,0
BRDA:127,15,1,0
BRDA:128,16,0,0
BRDA:128,16,1,0
BRDA:129,17,0,0
BRDA:129,17,1,0
BRDA:130,18,0,0
BRDA:130,18,1,0
BRDA:134,19,0,0
BRDA:134,19,1,0
BRDA:134,20,0,0
BRDA:134,20,1,0
BRDA:144,21,0,0
BRDA:144,21,1,0
BRDA:147,22,0,0
BRDA:147,22,1,0
BRDA:156,23,0,0
BRDA:156,23,1,0
BRDA:157,24,0,0
BRDA:157,24,1,0
BRDA:159,25,0,0
BRDA:159,25,1,0
BRDA:266,26,0,0
BRDA:266,26,1,0
BRF:57
BRH:0
end_of_record
TN:
SF:src\pages\Chat.jsx
FN:6,(anonymous_0)
FN:12,(anonymous_1)
FN:29,Chat
FN:62,(anonymous_3)
FN:63,(anonymous_4)
FN:69,(anonymous_5)
FN:74,(anonymous_6)
FN:77,(anonymous_7)
FN:79,(anonymous_8)
FN:93,(anonymous_9)
FN:96,(anonymous_10)
FN:99,(anonymous_11)
FN:105,(anonymous_12)
FN:115,(anonymous_13)
FN:121,(anonymous_14)
FN:128,(anonymous_15)
FN:129,(anonymous_16)
FN:133,(anonymous_17)
FN:138,(anonymous_18)
FN:154,(anonymous_19)
FN:160,(anonymous_20)
FN:167,(anonymous_21)
FN:172,(anonymous_22)
FN:176,(anonymous_23)
FN:184,(anonymous_24)
FN:219,(anonymous_25)
FN:234,(anonymous_26)
FN:249,(anonymous_27)
FN:337,(anonymous_28)
FNF:29
FNH:0
FNDA:0,(anonymous_0)
FNDA:0,(anonymous_1)
FNDA:0,Chat
FNDA:0,(anonymous_3)
FNDA:0,(anonymous_4)
FNDA:0,(anonymous_5)
FNDA:0,(anonymous_6)
FNDA:0,(anonymous_7)
FNDA:0,(anonymous_8)
FNDA:0,(anonymous_9)
FNDA:0,(anonymous_10)
FNDA:0,(anonymous_11)
FNDA:0,(anonymous_12)
FNDA:0,(anonymous_13)
FNDA:0,(anonymous_14)
FNDA:0,(anonymous_15)
FNDA:0,(anonymous_16)
FNDA:0,(anonymous_17)
FNDA:0,(anonymous_18)
FNDA:0,(anonymous_19)
FNDA:0,(anonymous_20)
FNDA:0,(anonymous_21)
FNDA:0,(anonymous_22)
FNDA:0,(anonymous_23)
FNDA:0,(anonymous_24)
FNDA:0,(anonymous_25)
FNDA:0,(anonymous_26)
FNDA:0,(anonymous_27)
FNDA:0,(anonymous_28)
DA:6,0
DA:7,0
DA:8,0
DA:9,0
DA:12,0
DA:13,0
DA:14,0
DA:15,0
DA:16,0
DA:17,0
DA:19,0
DA:20,0
DA:21,0
DA:25,0
DA:27,0
DA:30,0
DA:45,0
DA:48,0
DA:49,0
DA:50,0
DA:51,0
DA:52,0
DA:53,0
DA:54,0
DA:55,0
DA:58,0
DA:59,0
DA:62,0
DA:63,0
DA:64,0
DA:65,0
DA:69,0
DA:70,0
DA:74,0
DA:75,0
DA:77,0
DA:78,0
DA:79,0
DA:81,0
DA:85,0
DA:88,0
DA:89,0
DA:93,0
DA:94,0
DA:96,0
DA:97,0
DA:98,0
DA:99,0
DA:100,0
DA:105,0
DA:106,0
DA:107,0
DA:108,0
DA:109,0
DA:115,0
DA:116,0
DA:118,0
DA:119,0
DA:120,0
DA:121,0
DA:125,0
DA:126,0
DA:128,0
DA:129,0
DA:133,0
DA:134,0
DA:135,0
DA:138,0
DA:139,0
DA:140,0
DA:142,0
DA:144,0
DA:145,0
DA:146,0
DA:147,0
DA:148,0
DA:150,0
DA:151,0
DA:153,0
DA:154,0
DA:156,0
DA:160,0
DA:161,0
DA:162,0
DA:163,0
DA:167,0
DA:168,0
DA:169,0
DA:172,0
DA:173,0
DA:176,0
DA:177,0
DA:178,0
DA:179,0
DA:180,0
DA:181,0
DA:184,0
DA:185,0
DA:186,0
DA:187,0
DA:188,0
DA:189,0
DA:190,0
DA:191,0
DA:193,0
DA:195,0
DA:200,0
DA:204,0
DA:219,0
DA:235,0
DA:236,0
DA:241,0
DA:242,0
DA:244,0
DA:249,0
DA:338,0
LF:116
LH:0
BRDA:7,0,0,0
BRDA:7,0,1,0
BRDA:13,1,0,0
BRDA:13,1,1,0
BRDA:19,2,0,0
BRDA:19,2,1,0
BRDA:20,3,0,0
BRDA:20,3,1,0
BRDA:75,4,0,0
BRDA:75,4,1,0
BRDA:88,5,0,0
BRDA:88,5,1,0
BRDA:98,6,0,0
BRDA:98,6,1,0
BRDA:106,7,0,0
BRDA:106,7,1,0
BRDA:106,8,0,0
BRDA:106,8,1,0
BRDA:106,8,2,0
BRDA:108,9,0,0
BRDA:108,9,1,0
BRDA:116,10,0,0
BRDA:116,10,1,0
BRDA:119,11,0,0
BRDA:119,11,1,0
BRDA:125,12,0,0
BRDA:125,12,1,0
BRDA:135,13,0,0
BRDA:135,13,1,0
BRDA:135,14,0,0
BRDA:135,14,1,0
BRDA:135,14,2,0
BRDA:139,15,0,0
BRDA:139,15,1,0
BRDA:151,16,0,0
BRDA:151,16,1,0
BRDA:161,17,0,0
BRDA:161,17,1,0
BRDA:161,18,0,0
BRDA:161,18,1,0
BRDA:177,19,0,0
BRDA:177,19,1,0
BRDA:178,20,0,0
BRDA:178,20,1,0
BRDA:179,21,0,0
BRDA:179,21,1,0
BRDA:181,22,0,0
BRDA:181,22,1,0
BRDA:189,23,0,0
BRDA:189,23,1,0
BRDA:200,24,0,0
BRDA:200,24,1,0
BRDA:200,24,2,0
BRDA:223,25,0,0
BRDA:223,25,1,0
BRDA:227,26,0,0
BRDA:227,26,1,0
BRDA:229,27,0,0
BRDA:229,27,1,0
BRDA:236,28,0,0
BRDA:236,28,1,0
BRDA:237,29,0,0
BRDA:237,29,1,0
BRDA:242,30,0,0
BRDA:242,30,1,0
BRDA:248,31,0,0
BRDA:248,31,1,0
BRDA:252,32,0,0
BRDA:252,32,1,0
BRDA:255,33,0,0
BRDA:255,33,1,0
BRDA:259,34,0,0
BRDA:259,34,1,0
BRDA:262,35,0,0
BRDA:262,35,1,0
BRDA:277,36,0,0
BRDA:277,36,1,0
BRDA:280,37,0,0
BRDA:280,37,1,0
BRDA:283,38,0,0
BRDA:283,38,1,0
BRDA:284,39,0,0
BRDA:284,39,1,0
BRDA:286,40,0,0
BRDA:286,40,1,0
BRDA:288,41,0,0
BRDA:288,41,1,0
BRDA:311,42,0,0
BRDA:311,42,1,0
BRDA:311,42,2,0
BRDA:317,43,0,0
BRDA:317,43,1,0
BRDA:325,44,0,0
BRDA:325,44,1,0
BRDA:330,45,0,0
BRDA:330,45,1,0
BRDA:330,45,2,0
BRDA:330,45,3,0
BRDA:338,46,0,0
BRDA:338,46,1,0
BRDA:345,47,0,0
BRDA:345,47,1,0
BRDA:355,48,0,0
BRDA:355,48,1,0
BRDA:357,49,0,0
BRDA:357,49,1,0
BRDA:364,50,0,0
BRDA:364,50,1,0
BRDA:366,51,0,0
BRDA:366,51,1,0
BRDA:384,52,0,0
BRDA:384,52,1,0
BRDA:387,53,0,0
BRDA:387,53,1,0
BRF:114
BRH:0
end_of_record
TN:
SF:src\pages\ItemDetails.jsx
FN:12,ItemDetails
FN:25,(anonymous_1)
FN:29,(anonymous_2)
FN:48,(anonymous_3)
FN:78,(anonymous_4)
FN:97,(anonymous_5)
FN:104,(anonymous_6)
FN:115,(anonymous_7)
FN:127,(anonymous_8)
FN:141,(anonymous_9)
FN:146,(anonymous_10)
FN:157,(anonymous_11)
FN:166,(anonymous_12)
FNF:13
FNH:0
FNDA:0,ItemDetails
FNDA:0,(anonymous_1)
FNDA:0,(anonymous_2)
FNDA:0,(anonymous_3)
FNDA:0,(anonymous_4)
FNDA:0,(anonymous_5)
FNDA:0,(anonymous_6)
FNDA:0,(anonymous_7)
FNDA:0,(anonymous_8)
FNDA:0,(anonymous_9)
FNDA:0,(anonymous_10)
FNDA:0,(anonymous_11)
FNDA:0,(anonymous_12)
DA:13,0
DA:14,0
DA:15,0
DA:17,0
DA:18,0
DA:19,0
DA:21,0
DA:22,0
DA:23,0
DA:25,0
DA:26,0
DA:27,0
DA:29,0
DA:30,0
DA:31,0
DA:32,0
DA:34,0
DA:35,0
DA:36,0
DA:48,0
DA:60,0
DA:61,0
DA:64,0
DA:65,0
DA:66,0
DA:67,0
DA:70,0
DA:71,0
DA:76,0
DA:78,0
DA:79,0
DA:80,0
DA:84,0
DA:85,0
DA:92,0
DA:93,0
DA:97,0
DA:104,0
DA:105,0
DA:106,0
DA:107,0
DA:108,0
DA:109,0
DA:110,0
DA:111,0
DA:112,0
DA:115,0
DA:116,0
DA:117,0
DA:118,0
DA:119,0
DA:120,0
DA:121,0
DA:122,0
DA:123,0
DA:124,0
DA:127,0
DA:128,0
DA:132,0
DA:133,0
DA:134,0
DA:135,0
DA:138,0
DA:141,0
DA:142,0
DA:143,0
DA:146,0
DA:147,0
DA:148,0
DA:151,0
DA:152,0
DA:153,0
DA:154,0
DA:155,0
DA:157,0
DA:158,0
DA:161,0
DA:166,0
LF:78
LH:0
BRDA:34,0,0,0
BRDA:34,0,1,0
BRDA:34,1,0,0
BRDA:34,1,1,0
BRDA:47,2,0,0
BRDA:47,2,1,0
BRDA:47,3,0,0
BRDA:47,3,1,0
BRDA:50,4,0,0
BRDA:50,4,1,0
BRDA:51,5,0,0
BRDA:51,5,1,0
BRDA:56,6,0,0
BRDA:56,6,1,0
BRDA:64,7,0,0
BRDA:64,7,1,0
BRDA:65,8,0,0
BRDA:65,8,1,0
BRDA:67,9,0,0
BRDA:67,9,1,0
BRDA:70,10,0,0
BRDA:70,10,1,0
BRDA:70,11,0,0
BRDA:70,11,1,0
BRDA:84,12,0,0
BRDA:84,12,1,0
BRDA:92,13,0,0
BRDA:92,13,1,0
BRDA:96,14,0,0
BRDA:96,14,1,0
BRDA:105,15,0,0
BRDA:105,15,1,0
BRDA:105,16,0,0
BRDA:105,16,1,0
BRDA:112,17,0,0
BRDA:112,17,1,0
BRDA:117,18,0,0
BRDA:117,18,1,0
BRDA:117,19,0,0
BRDA:117,19,1,0
BRDA:122,20,0,0
BRDA:122,20,1,0
BRDA:128,21,0,0
BRDA:128,21,1,0
BRDA:128,21,2,0
BRDA:128,21,3,0
BRDA:128,21,4,0
BRDA:133,22,0,0
BRDA:133,22,1,0
BRDA:153,23,0,0
BRDA:153,23,1,0
BRDA:154,24,0,0
BRDA:154,24,1,0
BRDA:155,25,0,0
BRDA:155,25,1,0
BRDA:181,26,0,0
BRDA:181,26,1,0
BRF:57
BRH:0
end_of_record
TN:
SF:src\pages\Landing.jsx
FN:8,Landing
FN:12,(anonymous_1)
FN:13,(anonymous_2)
FN:14,(anonymous_3)
FN:16,(anonymous_4)
FN:19,(anonymous_5)
FN:20,(anonymous_6)
FN:22,(anonymous_7)
FN:32,(anonymous_8)
FN:34,(anonymous_9)
FN:34,(anonymous_10)
FN:204,(anonymous_11)
FN:213,(anonymous_12)
FNF:13
FNH:9
FNDA:9,Landing
FNDA:9,(anonymous_1)
FNDA:0,(anonymous_2)
FNDA:0,(anonymous_3)
FNDA:9,(anonymous_4)
FNDA:9,(anonymous_5)
FNDA:0,(anonymous_6)
FNDA:0,(anonymous_7)
FNDA:72,(anonymous_8)
FNDA:9,(anonymous_9)
FNDA:72,(anonymous_10)
FNDA:4,(anonymous_11)
FNDA:1,(anonymous_12)
DA:6,1
DA:9,9
DA:10,9
DA:12,9
DA:13,9
DA:14,0
DA:16,9
DA:19,9
DA:20,9
DA:22,0
DA:23,0
DA:24,0
DA:31,9
DA:32,72
DA:34,72
DA:37,9
DA:205,4
DA:214,1
LF:18
LH:14
BRDA:23,0,0,0
BRDA:23,0,1,0
BRDA:203,1,0,1
BRDA:203,1,1,8
BRF:4
BRH:2
end_of_record
TN:
SF:src\pages\Login.jsx
FN:6,Login
FN:15,(anonymous_1)
FN:75,(anonymous_2)
FN:92,(anonymous_3)
FN:99,(anonymous_4)
FNF:5
FNH:0
FNDA:0,Login
FNDA:0,(anonymous_1)
FNDA:0,(anonymous_2)
FNDA:0,(anonymous_3)
FNDA:0,(anonymous_4)
DA:7,0
DA:8,0
DA:9,0
DA:10,0
DA:11,0
DA:12,0
DA:13,0
DA:15,0
DA:16,0
DA:17,0
DA:18,0
DA:19,0
DA:20,0
DA:23,0
DA:24,0
DA:25,0
DA:28,0
DA:29,0
DA:30,0
DA:34,0
DA:35,0
DA:37,0
DA:39,0
DA:43,0
DA:75,0
DA:92,0
DA:99,0
LF:27
LH:0
BRDA:18,0,0,0
BRDA:18,0,1,0
BRDA:18,1,0,0
BRDA:18,1,1,0
BRDA:23,2,0,0
BRDA:23,2,1,0
BRDA:37,3,0,0
BRDA:37,3,1,0
BRDA:60,4,0,0
BRDA:60,4,1,0
BRDA:90,5,0,0
BRDA:90,5,1,0
BRDA:102,6,0,0
BRDA:102,6,1,0
BRDA:107,7,0,0
BRDA:107,7,1,0
BRF:16
BRH:0
end_of_record
TN:
SF:src\pages\Marketplace.jsx
FN:27,Marketplace
FN:46,(anonymous_1)
FN:54,(anonymous_2)
FN:55,(anonymous_3)
FN:70,(anonymous_4)
FN:74,(anonymous_5)
FN:79,(anonymous_6)
FN:104,(anonymous_7)
FN:108,(anonymous_8)
FN:120,(anonymous_9)
FN:131,(anonymous_10)
FN:133,(anonymous_11)
FN:136,(anonymous_12)
FN:146,(anonymous_13)
FN:147,(anonymous_14)
FN:154,(anonymous_15)
FN:154,(anonymous_16)
FN:169,(anonymous_17)
FN:188,(anonymous_18)
FN:192,(anonymous_19)
FN:206,(anonymous_20)
FN:212,(anonymous_21)
FN:225,(anonymous_22)
FN:260,(anonymous_23)
FN:278,(anonymous_24)
FN:296,(anonymous_25)
FN:307,(anonymous_26)
FNF:27
FNH:0
FNDA:0,Marketplace
FNDA:0,(anonymous_1)
FNDA:0,(anonymous_2)
FNDA:0,(anonymous_3)
FNDA:0,(anonymous_4)
FNDA:0,(anonymous_5)
FNDA:0,(anonymous_6)
FNDA:0,(anonymous_7)
FNDA:0,(anonymous_8)
FNDA:0,(anonymous_9)
FNDA:0,(anonymous_10)
FNDA:0,(anonymous_11)
FNDA:0,(anonymous_12)
FNDA:0,(anonymous_13)
FNDA:0,(anonymous_14)
FNDA:0,(anonymous_15)
FNDA:0,(anonymous_16)
FNDA:0,(anonymous_17)
FNDA:0,(anonymous_18)
FNDA:0,(anonymous_19)
FNDA:0,(anonymous_20)
FNDA:0,(anonymous_21)
FNDA:0,(anonymous_22)
FNDA:0,(anonymous_23)
FNDA:0,(anonymous_24)
FNDA:0,(anonymous_25)
FNDA:0,(anonymous_26)
DA:4,0
DA:12,0
DA:20,0
DA:28,0
DA:31,0
DA:32,0
DA:33,0
DA:34,0
DA:37,0
DA:39,0
DA:40,0
DA:43,0
DA:46,0
DA:47,0
DA:51,0
DA:54,0
DA:55,0
DA:56,0
DA:57,0
DA:58,0
DA:59,0
DA:61,0
DA:64,0
DA:66,0
DA:67,0
DA:70,0
DA:74,0
DA:75,0
DA:79,0
DA:80,0
DA:81,0
DA:83,0
DA:84,0
DA:87,0
DA:88,0
DA:89,0
DA:90,0
DA:91,0
DA:92,0
DA:93,0
DA:95,0
DA:96,0
DA:97,0
DA:98,0
DA:99,0
DA:100,0
DA:101,0
DA:103,0
DA:104,0
DA:108,0
DA:109,0
DA:110,0
DA:111,0
DA:113,0
DA:116,0
DA:117,0
DA:120,0
DA:121,0
DA:122,0
DA:123,0
DA:125,0
DA:127,0
DA:131,0
DA:132,0
DA:134,0
DA:137,0
DA:138,0
DA:139,0
DA:140,0
DA:142,0
DA:145,0
DA:146,0
DA:147,0
DA:153,0
DA:154,0
DA:156,0
DA:158,0
DA:169,0
DA:189,0
DA:192,0
DA:207,0
DA:212,0
DA:225,0
DA:261,0
DA:279,0
DA:296,0
DA:307,0
LF:87
LH:0
BRDA:31,0,0,0
BRDA:31,0,1,0
BRDA:32,1,0,0
BRDA:32,1,1,0
BRDA:33,2,0,0
BRDA:33,2,1,0
BRDA:34,3,0,0
BRDA:34,3,1,0
BRDA:37,4,0,0
BRDA:37,4,1,0
BRDA:58,5,0,0
BRDA:58,5,1,0
BRDA:66,6,0,0
BRDA:66,6,1,0
BRDA:75,7,0,0
BRDA:75,7,1,0
BRDA:80,8,0,0
BRDA:80,8,1,0
BRDA:84,9,0,0
BRDA:84,9,1,0
BRDA:95,10,0,0
BRDA:95,10,1,0
BRDA:96,11,0,0
BRDA:96,11,1,0
BRDA:97,12,0,0
BRDA:97,12,1,0
BRDA:98,13,0,0
BRDA:98,13,1,0
BRDA:99,14,0,0
BRDA:99,14,1,0
BRDA:100,15,0,0
BRDA:100,15,1,0
BRDA:110,16,0,0
BRDA:110,16,1,0
BRDA:110,17,0,0
BRDA:110,17,1,0
BRDA:110,17,2,0
BRDA:122,18,0,0
BRDA:122,18,1,0
BRDA:139,19,0,0
BRDA:139,19,1,0
BRDA:139,20,0,0
BRDA:139,20,1,0
BRDA:149,21,0,0
BRDA:149,21,1,0
BRDA:156,22,0,0
BRDA:156,22,1,0
BRDA:176,23,0,0
BRDA:176,23,1,0
BRDA:181,24,0,0
BRDA:181,24,1,0
BRDA:194,25,0,0
BRDA:194,25,1,0
BRDA:212,26,0,0
BRDA:212,26,1,0
BRDA:250,27,0,0
BRDA:250,27,1,0
BRDA:259,28,0,0
BRDA:259,28,1,0
BRDA:277,29,0,0
BRDA:277,29,1,0
BRDA:290,30,0,0
BRDA:290,30,1,0
BRDA:290,30,2,0
BRF:64
BRH:0
end_of_record
TN:
SF:src\pages\MyBookings.jsx
FN:12,(anonymous_0)
FN:19,(anonymous_1)
FN:26,(anonymous_2)
FN:38,(anonymous_3)
FN:43,(anonymous_4)
FN:48,(anonymous_5)
FN:50,(anonymous_6)
FN:58,MyBookings
FN:62,(anonymous_8)
FN:66,(anonymous_9)
FN:68,(anonymous_10)
FN:104,(anonymous_11)
FN:107,(anonymous_12)
FN:108,(anonymous_13)
FN:112,(anonymous_14)
FN:117,(anonymous_15)
FN:139,(anonymous_16)
FN:157,(anonymous_17)
FN:160,(anonymous_18)
FN:178,(anonymous_19)
FN:182,(anonymous_20)
FN:197,(anonymous_21)
FN:203,(anonymous_22)
FN:231,(anonymous_23)
FN:252,(anonymous_24)
FNF:25
FNH:0
FNDA:0,(anonymous_0)
FNDA:0,(anonymous_1)
FNDA:0,(anonymous_2)
FNDA:0,(anonymous_3)
FNDA:0,(anonymous_4)
FNDA:0,(anonymous_5)
FNDA:0,(anonymous_6)
FNDA:0,MyBookings
FNDA:0,(anonymous_8)
FNDA:0,(anonymous_9)
FNDA:0,(anonymous_10)
FNDA:0,(anonymous_11)
FNDA:0,(anonymous_12)
FNDA:0,(anonymous_13)
FNDA:0,(anonymous_14)
FNDA:0,(anonymous_15)
FNDA:0,(anonymous_16)
FNDA:0,(anonymous_17)
FNDA:0,(anonymous_18)
FNDA:0,(anonymous_19)
FNDA:0,(anonymous_20)
FNDA:0,(anonymous_21)
FNDA:0,(anonymous_22)
FNDA:0,(anonymous_23)
FNDA:0,(anonymous_24)
DA:9,0
DA:12,0
DA:13,0
DA:14,0
DA:15,0
DA:16,0
DA:19,0
DA:20,0
DA:21,0
DA:22,0
DA:23,0
DA:26,0
DA:27,0
DA:28,0
DA:29,0
DA:30,0
DA:38,0
DA:39,0
DA:40,0
DA:43,0
DA:44,0
DA:45,0
DA:48,0
DA:49,0
DA:50,0
DA:51,0
DA:52,0
DA:53,0
DA:54,0
DA:59,0
DA:61,0
DA:62,0
DA:63,0
DA:66,0
DA:67,0
DA:69,0
DA:70,0
DA:71,0
DA:72,0
DA:73,0
DA:74,0
DA:75,0
DA:76,0
DA:77,0
DA:79,0
DA:86,0
DA:87,0
DA:104,0
DA:106,0
DA:107,0
DA:109,0
DA:113,0
DA:117,0
DA:121,0
DA:127,0
DA:140,0
DA:158,0
DA:160,0
DA:179,0
DA:183,0
DA:184,0
DA:186,0
DA:198,0
DA:199,0
DA:204,0
DA:205,0
DA:207,0
DA:215,0
DA:216,0
DA:217,0
DA:218,0
DA:224,0
DA:232,0
DA:233,0
DA:234,0
DA:235,0
DA:236,0
DA:239,0
DA:253,0
LF:79
LH:0
BRDA:13,0,0,0
BRDA:13,0,1,0
BRDA:15,1,0,0
BRDA:15,1,1,0
BRDA:20,2,0,0
BRDA:20,2,1,0
BRDA:22,3,0,0
BRDA:22,3,1,0
BRDA:27,4,0,0
BRDA:27,4,1,0
BRDA:29,5,0,0
BRDA:29,5,1,0
BRDA:39,6,0,0
BRDA:39,6,1,0
BRDA:39,7,0,0
BRDA:39,7,1,0
BRDA:44,8,0,0
BRDA:44,8,1,0
BRDA:51,9,0,0
BRDA:51,9,1,0
BRDA:52,10,0,0
BRDA:52,10,1,0
BRDA:52,11,0,0
BRDA:52,11,1,0
BRDA:69,12,0,0
BRDA:69,12,1,0
BRDA:70,13,0,0
BRDA:70,13,1,0
BRDA:71,14,0,0
BRDA:71,14,1,0
BRDA:74,15,0,0
BRDA:74,15,1,0
BRDA:75,16,0,0
BRDA:75,16,1,0
BRDA:79,17,0,0
BRDA:79,17,1,0
BRDA:81,18,0,0
BRDA:81,18,1,0
BRDA:83,19,0,0
BRDA:83,19,1,0
BRDA:86,20,0,0
BRDA:86,20,1,0
BRDA:86,20,2,0
BRDA:86,20,3,0
BRDA:86,20,4,0
BRDA:91,21,0,0
BRDA:91,21,1,0
BRDA:166,22,0,0
BRDA:166,22,1,0
BRDA:167,23,0,0
BRDA:167,23,1,0
BRDA:176,24,0,0
BRDA:176,24,1,0
BRDA:186,25,0,0
BRDA:186,25,1,0
BRDA:195,26,0,0
BRDA:195,26,1,0
BRDA:198,27,0,0
BRDA:198,27,1,0
BRDA:207,28,0,0
BRDA:207,28,1,0
BRDA:218,29,0,0
BRDA:218,29,1,0
BRDA:220,30,0,0
BRDA:220,30,1,0
BRDA:230,31,0,0
BRDA:230,31,1,0
BRDA:233,32,0,0
BRDA:233,32,1,0
BRDA:235,33,0,0
BRDA:235,33,1,0
BRDA:239,34,0,0
BRDA:239,34,1,0
BRDA:250,35,0,0
BRDA:250,35,1,0
BRF:75
BRH:0
end_of_record
TN:
SF:src\pages\MyListings.jsx
FN:12,(anonymous_0)
FN:19,(anonymous_1)
FN:24,(anonymous_2)
FN:26,(anonymous_3)
FN:34,MyListings
FN:40,(anonymous_5)
FN:41,(anonymous_6)
FN:43,(anonymous_7)
FN:45,(anonymous_8)
FN:48,(anonymous_9)
FN:50,(anonymous_10)
FN:78,(anonymous_11)
FN:89,(anonymous_12)
FN:90,(anonymous_13)
FN:92,(anonymous_14)
FN:96,(anonymous_15)
FN:97,(anonymous_16)
FN:107,(anonymous_17)
FN:108,(anonymous_18)
FN:110,(anonymous_19)
FN:116,(anonymous_20)
FN:117,(anonymous_21)
FN:138,(anonymous_22)
FN:141,(anonymous_23)
FN:145,(anonymous_24)
FN:149,(anonymous_25)
FN:157,(anonymous_26)
FN:165,(anonymous_27)
FN:173,(anonymous_28)
FN:174,(anonymous_29)
FN:184,(anonymous_30)
FN:192,(anonymous_31)
FN:213,(anonymous_32)
FN:216,(anonymous_33)
FN:234,(anonymous_34)
FN:237,(anonymous_35)
FN:255,(anonymous_36)
FN:272,(anonymous_37)
FN:285,(anonymous_38)
FNF:39
FNH:0
FNDA:0,(anonymous_0)
FNDA:0,(anonymous_1)
FNDA:0,(anonymous_2)
FNDA:0,(anonymous_3)
FNDA:0,MyListings
FNDA:0,(anonymous_5)
FNDA:0,(anonymous_6)
FNDA:0,(anonymous_7)
FNDA:0,(anonymous_8)
FNDA:0,(anonymous_9)
FNDA:0,(anonymous_10)
FNDA:0,(anonymous_11)
FNDA:0,(anonymous_12)
FNDA:0,(anonymous_13)
FNDA:0,(anonymous_14)
FNDA:0,(anonymous_15)
FNDA:0,(anonymous_16)
FNDA:0,(anonymous_17)
FNDA:0,(anonymous_18)
FNDA:0,(anonymous_19)
FNDA:0,(anonymous_20)
FNDA:0,(anonymous_21)
FNDA:0,(anonymous_22)
FNDA:0,(anonymous_23)
FNDA:0,(anonymous_24)
FNDA:0,(anonymous_25)
FNDA:0,(anonymous_26)
FNDA:0,(anonymous_27)
FNDA:0,(anonymous_28)
FNDA:0,(anonymous_29)
FNDA:0,(anonymous_30)
FNDA:0,(anonymous_31)
FNDA:0,(anonymous_32)
FNDA:0,(anonymous_33)
FNDA:0,(anonymous_34)
FNDA:0,(anonymous_35)
FNDA:0,(anonymous_36)
FNDA:0,(anonymous_37)
FNDA:0,(anonymous_38)
DA:10,0
DA:12,0
DA:13,0
DA:14,0
DA:15,0
DA:16,0
DA:19,0
DA:20,0
DA:21,0
DA:24,0
DA:25,0
DA:26,0
DA:27,0
DA:28,0
DA:29,0
DA:30,0
DA:35,0
DA:36,0
DA:37,0
DA:38,0
DA:40,0
DA:41,0
DA:42,0
DA:43,0
DA:45,0
DA:46,0
DA:48,0
DA:50,0
DA:53,0
DA:60,0
DA:62,0
DA:78,0
DA:89,0
DA:90,0
DA:91,0
DA:94,0
DA:97,0
DA:98,0
DA:107,0
DA:108,0
DA:109,0
DA:112,0
DA:117,0
DA:119,0
DA:125,0
DA:127,0
DA:138,0
DA:141,0
DA:142,0
DA:145,0
DA:146,0
DA:149,0
DA:150,0
DA:151,0
DA:153,0
DA:157,0
DA:158,0
DA:159,0
DA:161,0
DA:165,0
DA:166,0
DA:167,0
DA:169,0
DA:173,0
DA:174,0
DA:175,0
DA:176,0
DA:177,0
DA:179,0
DA:184,0
DA:185,0
DA:186,0
DA:188,0
DA:192,0
DA:193,0
DA:194,0
DA:196,0
DA:200,0
DA:213,0
DA:217,0
DA:235,0
DA:237,0
DA:256,0
DA:273,0
DA:286,0
LF:85
LH:0
BRDA:13,0,0,0
BRDA:13,0,1,0
BRDA:15,1,0,0
BRDA:15,1,1,0
BRDA:20,2,0,0
BRDA:20,2,1,0
BRDA:20,3,0,0
BRDA:20,3,1,0
BRDA:27,4,0,0
BRDA:27,4,1,0
BRDA:28,5,0,0
BRDA:28,5,1,0
BRDA:28,6,0,0
BRDA:28,6,1,0
BRDA:53,7,0,0
BRDA:53,7,1,0
BRDA:56,8,0,0
BRDA:56,8,1,0
BRDA:60,9,0,0
BRDA:60,9,1,0
BRDA:68,10,0,0
BRDA:68,10,1,0
BRDA:69,11,0,0
BRDA:69,11,1,0
BRDA:73,12,0,0
BRDA:73,12,1,0
BRDA:81,13,0,0
BRDA:81,13,1,0
BRDA:94,14,0,0
BRDA:94,14,1,0
BRDA:100,15,0,0
BRDA:100,15,1,0
BRDA:101,16,0,0
BRDA:101,16,1,0
BRDA:112,17,0,0
BRDA:112,17,1,0
BRDA:119,18,0,0
BRDA:119,18,1,0
BRDA:121,19,0,0
BRDA:121,19,1,0
BRDA:125,20,0,0
BRDA:125,20,1,0
BRDA:125,20,2,0
BRDA:125,20,3,0
BRDA:125,20,4,0
BRDA:129,21,0,0
BRDA:129,21,1,0
BRDA:129,21,2,0
BRDA:130,22,0,0
BRDA:130,22,1,0
BRDA:132,23,0,0
BRDA:132,23,1,0
BRDA:134,24,0,0
BRDA:134,24,1,0
BRDA:153,25,0,0
BRDA:153,25,1,0
BRDA:161,26,0,0
BRDA:161,26,1,0
BRDA:169,27,0,0
BRDA:169,27,1,0
BRDA:175,28,0,0
BRDA:175,28,1,0
BRDA:179,29,0,0
BRDA:179,29,1,0
BRDA:188,30,0,0
BRDA:188,30,1,0
BRDA:196,31,0,0
BRDA:196,31,1,0
BRDA:243,32,0,0
BRDA:243,32,1,0
BRDA:244,33,0,0
BRDA:244,33,1,0
BRDA:253,34,0,0
BRDA:253,34,1,0
BRDA:270,35,0,0
BRDA:270,35,1,0
BRDA:283,36,0,0
BRDA:283,36,1,0
BRF:78
BRH:0
end_of_record
TN:
SF:src\pages\NotFound.jsx
FN:4,NotFound
FNF:1
FNH:0
FNDA:0,NotFound
DA:5,0
LF:1
LH:0
BRF:0
BRH:0
end_of_record
TN:
SF:src\pages\Profile.jsx
FN:6,Profile
FN:19,(anonymous_1)
FN:20,(anonymous_2)
FN:59,(anonymous_3)
FN:95,(anonymous_4)
FN:97,(anonymous_5)
FN:99,(anonymous_6)
FN:155,(anonymous_7)
FN:155,(anonymous_8)
FN:157,(anonymous_9)
FN:163,(anonymous_10)
FN:163,(anonymous_11)
FN:165,(anonymous_12)
FN:203,(anonymous_13)
FN:213,(anonymous_14)
FN:228,(anonymous_15)
FNF:16
FNH:0
FNDA:0,Profile
FNDA:0,(anonymous_1)
FNDA:0,(anonymous_2)
FNDA:0,(anonymous_3)
FNDA:0,(anonymous_4)
FNDA:0,(anonymous_5)
FNDA:0,(anonymous_6)
FNDA:0,(anonymous_7)
FNDA:0,(anonymous_8)
FNDA:0,(anonymous_9)
FNDA:0,(anonymous_10)
FNDA:0,(anonymous_11)
FNDA:0,(anonymous_12)
FNDA:0,(anonymous_13)
FNDA:0,(anonymous_14)
FNDA:0,(anonymous_15)
DA:7,0
DA:8,0
DA:10,0
DA:11,0
DA:12,0
DA:13,0
DA:15,0
DA:16,0
DA:19,0
DA:20,0
DA:21,0
DA:22,0
DA:23,0
DA:24,0
DA:25,0
DA:26,0
DA:27,0
DA:29,0
DA:31,0
DA:32,0
DA:33,0
DA:34,0
DA:38,0
DA:39,0
DA:41,0
DA:45,0
DA:49,0
DA:50,0
DA:52,0
DA:53,0
DA:55,0
DA:56,0
DA:59,0
DA:60,0
DA:61,0
DA:62,0
DA:63,0
DA:67,0
DA:68,0
DA:77,0
DA:78,0
DA:86,0
DA:87,0
DA:88,0
DA:89,0
DA:90,0
DA:91,0
DA:92,0
DA:93,0
DA:95,0
DA:96,0
DA:97,0
DA:98,0
DA:99,0
DA:104,0
DA:112,0
DA:155,0
DA:157,0
DA:163,0
DA:165,0
DA:203,0
DA:213,0
DA:229,0
LF:63
LH:0
BRDA:15,0,0,0
BRDA:15,0,1,0
BRDA:16,1,0,0
BRDA:16,1,1,0
BRDA:24,2,0,0
BRDA:24,2,1,0
BRDA:26,3,0,0
BRDA:26,3,1,0
BRDA:31,4,0,0
BRDA:31,4,1,0
BRDA:33,5,0,0
BRDA:33,5,1,0
BRDA:39,6,0,0
BRDA:39,6,1,0
BRDA:60,7,0,0
BRDA:60,7,1,0
BRDA:61,8,0,0
BRDA:61,8,1,0
BRDA:62,9,0,0
BRDA:62,9,1,0
BRDA:63,10,0,0
BRDA:63,10,1,0
BRDA:63,10,2,0
BRDA:67,11,0,0
BRDA:67,11,1,0
BRDA:67,12,0,0
BRDA:67,12,1,0
BRDA:67,12,2,0
BRDA:71,13,0,0
BRDA:71,13,1,0
BRDA:77,14,0,0
BRDA:77,14,1,0
BRDA:77,15,0,0
BRDA:77,15,1,0
BRDA:77,15,2,0
BRDA:86,16,0,0
BRDA:86,16,1,0
BRDA:86,16,2,0
BRDA:87,17,0,0
BRDA:87,17,1,0
BRDA:87,17,2,0
BRDA:88,18,0,0
BRDA:88,18,1,0
BRDA:89,19,0,0
BRDA:89,19,1,0
BRDA:90,20,0,0
BRDA:90,20,1,0
BRDA:91,21,0,0
BRDA:91,21,1,0
BRDA:92,22,0,0
BRDA:92,22,1,0
BRDA:93,23,0,0
BRDA:93,23,1,0
BRDA:93,23,2,0
BRDA:113,24,0,0
BRDA:113,24,1,0
BRDA:154,25,0,0
BRDA:154,25,1,0
BRDA:154,26,0,0
BRDA:154,26,1,0
BRDA:157,27,0,0
BRDA:157,27,1,0
BRDA:157,28,0,0
BRDA:157,28,1,0
BRDA:157,29,0,0
BRDA:157,29,1,0
BRDA:162,30,0,0
BRDA:162,30,1,0
BRDA:162,31,0,0
BRDA:162,31,1,0
BRDA:165,32,0,0
BRDA:165,32,1,0
BRDA:165,33,0,0
BRDA:165,33,1,0
BRDA:165,34,0,0
BRDA:165,34,1,0
BRDA:176,35,0,0
BRDA:176,35,1,0
BRDA:177,36,0,0
BRDA:177,36,1,0
BRDA:178,37,0,0
BRDA:178,37,1,0
BRDA:187,38,0,0
BRDA:187,38,1,0
BRDA:201,39,0,0
BRDA:201,39,1,0
BRDA:205,40,0,0
BRDA:205,40,1,0
BRDA:210,41,0,0
BRDA:210,41,1,0
BRDA:210,42,0,0
BRDA:210,42,1,0
BRDA:269,43,0,0
BRDA:269,43,1,0
BRF:94
BRH:0
end_of_record
TN:
SF:src\pages\Signup.jsx
FN:6,Signup
FN:16,(anonymous_1)
FN:83,(anonymous_2)
FN:97,(anonymous_3)
FN:111,(anonymous_4)
FN:118,(anonymous_5)
FNF:6
FNH:0
FNDA:0,Signup
FNDA:0,(anonymous_1)
FNDA:0,(anonymous_2)
FNDA:0,(anonymous_3)
FNDA:0,(anonymous_4)
FNDA:0,(anonymous_5)
DA:7,0
DA:8,0
DA:9,0
DA:10,0
DA:11,0
DA:12,0
DA:13,0
DA:14,0
DA:16,0
DA:17,0
DA:18,0
DA:19,0
DA:20,0
DA:21,0
DA:24,0
DA:25,0
DA:26,0
DA:29,0
DA:30,0
DA:31,0
DA:32,0
DA:35,0
DA:36,0
DA:37,0
DA:42,0
DA:43,0
DA:45,0
DA:47,0
DA:51,0
DA:83,0
DA:97,0
DA:111,0
DA:118,0
LF:33
LH:0
BRDA:19,0,0,0
BRDA:19,0,1,0
BRDA:19,1,0,0
BRDA:19,1,1,0
BRDA:19,1,2,0
BRDA:24,2,0,0
BRDA:24,2,1,0
BRDA:30,3,0,0
BRDA:30,3,1,0
BRDA:45,4,0,0
BRDA:45,4,1,0
BRDA:68,5,0,0
BRDA:68,5,1,0
BRDA:109,6,0,0
BRDA:109,6,1,0
BRDA:121,7,0,0
BRDA:121,7,1,0
BRDA:126,8,0,0
BRDA:126,8,1,0
BRF:19
BRH:0
end_of_record
TN:
SF:src\services\api.js
FN:1,(anonymous_0)
FN:3,(anonymous_1)
FN:30,(anonymous_2)
FN:34,(anonymous_3)
FN:55,(anonymous_4)
FN:65,(anonymous_5)
FN:79,(anonymous_6)
FN:93,(anonymous_7)
FN:104,(anonymous_8)
FN:116,(anonymous_9)
FN:120,(anonymous_10)
FN:124,(anonymous_11)
FN:128,(anonymous_12)
FN:132,(anonymous_13)
FN:147,(anonymous_14)
FN:151,(anonymous_15)
FN:155,(anonymous_16)
FN:159,(anonymous_17)
FN:163,(anonymous_18)
FN:167,(anonymous_19)
FN:172,(anonymous_20)
FN:176,(anonymous_21)
FN:181,(anonymous_22)
FNF:23
FNH:3
FNDA:3,(anonymous_0)
FNDA:3,(anonymous_1)
FNDA:16,(anonymous_2)
FNDA:0,(anonymous_3)
FNDA:0,(anonymous_4)
FNDA:0,(anonymous_5)
FNDA:0,(anonymous_6)
FNDA:0,(anonymous_7)
FNDA:0,(anonymous_8)
FNDA:0,(anonymous_9)
FNDA:0,(anonymous_10)
FNDA:0,(anonymous_11)
FNDA:0,(anonymous_12)
FNDA:0,(anonymous_13)
FNDA:0,(anonymous_14)
FNDA:0,(anonymous_15)
FNDA:0,(anonymous_16)
FNDA:0,(anonymous_17)
FNDA:0,(anonymous_18)
FNDA:0,(anonymous_19)
FNDA:0,(anonymous_20)
FNDA:0,(anonymous_21)
FNDA:0,(anonymous_22)
DA:1,3
DA:3,3
DA:4,3
DA:5,3
DA:7,3
DA:8,3
DA:11,0
DA:12,0
DA:15,0
DA:20,3
DA:21,3
DA:24,3
DA:30,3
DA:31,16
DA:34,3
DA:35,0
DA:36,0
DA:37,0
DA:38,0
DA:39,0
DA:45,0
DA:46,0
DA:49,0
DA:50,0
DA:51,0
DA:54,3
DA:56,0
DA:57,0
DA:61,0
DA:62,0
DA:66,0
DA:67,0
DA:75,0
DA:76,0
DA:80,0
DA:81,0
DA:89,0
DA:90,0
DA:94,0
DA:95,0
DA:99,0
DA:100,0
DA:105,0
DA:106,0
DA:107,0
DA:108,0
DA:109,0
DA:110,0
DA:111,0
DA:112,0
DA:113,0
DA:117,0
DA:121,0
DA:125,0
DA:129,0
DA:133,0
DA:134,0
DA:135,0
DA:137,0
DA:143,0
DA:144,0
DA:148,0
DA:152,0
DA:156,0
DA:160,0
DA:164,0
DA:168,0
DA:173,0
DA:177,0
DA:178,0
DA:182,0
LF:71
LH:13
BRDA:1,0,0,3
BRDA:1,0,1,0
BRDA:7,1,0,3
BRDA:7,1,1,0
BRDA:11,2,0,0
BRDA:11,2,1,0
BRDA:31,3,0,8
BRDA:31,3,1,8
BRDA:38,4,0,0
BRDA:38,4,1,0
BRDA:45,5,0,0
BRDA:45,5,1,0
BRDA:45,6,0,0
BRDA:45,6,1,0
BRDA:59,7,0,0
BRDA:59,7,1,0
BRDA:61,8,0,0
BRDA:61,8,1,0
BRDA:71,9,0,0
BRDA:71,9,1,0
BRDA:75,10,0,0
BRDA:75,10,1,0
BRDA:85,11,0,0
BRDA:85,11,1,0
BRDA:89,12,0,0
BRDA:89,12,1,0
BRDA:97,13,0,0
BRDA:97,13,1,0
BRDA:99,14,0,0
BRDA:99,14,1,0
BRDA:104,15,0,0
BRDA:106,16,0,0
BRDA:106,16,1,0
BRDA:107,17,0,0
BRDA:107,17,1,0
BRDA:108,18,0,0
BRDA:108,18,1,0
BRDA:109,19,0,0
BRDA:109,19,1,0
BRDA:110,20,0,0
BRDA:110,20,1,0
BRDA:111,21,0,0
BRDA:111,21,1,0
BRDA:113,22,0,0
BRDA:113,22,1,0
BRDA:139,23,0,0
BRDA:139,23,1,0
BRDA:143,24,0,0
BRDA:143,24,1,0
BRDA:177,25,0,0
BRDA:177,25,1,0
BRF:51
BRH:4
end_of_record
TN:
SF:src\services\chat.js
FN:18,(anonymous_0)
FN:32,(anonymous_1)
FN:36,(anonymous_2)
FN:40,(anonymous_3)
FN:44,(anonymous_4)
FN:49,(anonymous_5)
FN:54,(anonymous_6)
FN:59,(anonymous_7)
FN:64,(anonymous_8)
FN:69,(anonymous_9)
FN:80,(anonymous_10)
FN:91,(anonymous_11)
FN:92,(anonymous_12)
FN:96,(anonymous_13)
FN:109,(anonymous_14)
FN:110,(anonymous_15)
FN:114,(anonymous_16)
FN:127,(anonymous_17)
FN:128,(anonymous_18)
FN:132,(anonymous_19)
FN:146,(anonymous_20)
FN:147,(anonymous_21)
FN:149,(anonymous_22)
FN:162,(anonymous_23)
FN:163,(anonymous_24)
FN:165,(anonymous_25)
FN:179,(anonymous_26)
FN:186,(anonymous_27)
FN:193,(anonymous_28)
FNF:29
FNH:5
FNDA:6,(anonymous_0)
FNDA:0,(anonymous_1)
FNDA:0,(anonymous_2)
FNDA:0,(anonymous_3)
FNDA:0,(anonymous_4)
FNDA:0,(anonymous_5)
FNDA:0,(anonymous_6)
FNDA:6,(anonymous_7)
FNDA:0,(anonymous_8)
FNDA:0,(anonymous_9)
FNDA:6,(anonymous_10)
FNDA:0,(anonymous_11)
FNDA:0,(anonymous_12)
FNDA:0,(anonymous_13)
FNDA:0,(anonymous_14)
FNDA:0,(anonymous_15)
FNDA:0,(anonymous_16)
FNDA:0,(anonymous_17)
FNDA:0,(anonymous_18)
FNDA:0,(anonymous_19)
FNDA:0,(anonymous_20)
FNDA:0,(anonymous_21)
FNDA:0,(anonymous_22)
FNDA:0,(anonymous_23)
FNDA:0,(anonymous_24)
FNDA:0,(anonymous_25)
FNDA:102,(anonymous_26)
FNDA:102,(anonymous_27)
FNDA:0,(anonymous_28)
DA:6,3
DA:7,3
DA:10,3
DA:12,3
DA:13,3
DA:18,3
DA:19,6
DA:20,0
DA:23,6
DA:32,6
DA:33,0
DA:36,6
DA:37,0
DA:40,6
DA:41,0
DA:44,6
DA:45,0
DA:46,0
DA:49,6
DA:50,0
DA:51,0
DA:54,6
DA:55,0
DA:56,0
DA:59,6
DA:60,6
DA:61,6
DA:64,6
DA:65,0
DA:66,0
DA:69,6
DA:70,0
DA:71,0
DA:74,6
DA:80,3
DA:81,6
DA:82,6
DA:83,6
DA:85,6
DA:91,3
DA:92,0
DA:93,0
DA:94,0
DA:96,0
DA:97,0
DA:98,0
DA:100,0
DA:109,3
DA:110,0
DA:111,0
DA:112,0
DA:114,0
DA:115,0
DA:116,0
DA:118,0
DA:127,3
DA:128,0
DA:129,0
DA:130,0
DA:132,0
DA:133,0
DA:134,0
DA:136,0
DA:146,3
DA:147,0
DA:148,0
DA:149,0
DA:150,0
DA:151,0
DA:153,0
DA:162,3
DA:163,0
DA:164,0
DA:165,0
DA:166,0
DA:167,0
DA:169,0
DA:179,3
DA:180,102
DA:186,3
DA:187,102
DA:193,3
LF:82
LH:35
BRDA:7,0,0,3
BRDA:7,0,1,0
BRDA:10,1,0,3
BRDA:10,1,1,3
BRDA:19,2,0,0
BRDA:19,2,1,6
BRDA:46,3,0,0
BRDA:46,3,1,0
BRDA:51,4,0,0
BRDA:51,4,1,0
BRDA:56,5,0,0
BRDA:56,5,1,0
BRDA:61,6,0,6
BRDA:61,6,1,0
BRDA:66,7,0,0
BRDA:66,7,1,0
BRDA:71,8,0,0
BRDA:71,8,1,0
BRDA:81,9,0,6
BRDA:81,9,1,0
BRDA:93,10,0,0
BRDA:93,10,1,0
BRDA:97,11,0,0
BRDA:97,11,1,0
BRDA:111,12,0,0
BRDA:111,12,1,0
BRDA:115,13,0,0
BRDA:115,13,1,0
BRDA:129,14,0,0
BRDA:129,14,1,0
BRDA:133,15,0,0
BRDA:133,15,1,0
BRDA:148,16,0,0
BRDA:148,16,1,0
BRDA:150,17,0,0
BRDA:150,17,1,0
BRDA:164,18,0,0
BRDA:164,18,1,0
BRDA:166,19,0,0
BRDA:166,19,1,0
BRF:40
BRH:6
end_of_record
TN:
SF:src\utils\bookingUtils.js
FN:10,checkAvailability
FNF:1
FNH:1
FNDA:11,checkAvailability
DA:11,11
DA:12,2
DA:15,9
DA:16,9
DA:18,9
DA:19,9
DA:21,9
DA:22,12
DA:24,11
DA:25,11
DA:27,11
DA:28,11
DA:32,11
DA:33,5
DA:37,4
LF:15
LH:15
BRDA:10,0,0,11
BRDA:11,1,0,2
BRDA:11,1,1,9
BRDA:11,2,0,11
BRDA:11,2,1,10
BRDA:11,2,2,10
BRDA:22,3,0,1
BRDA:22,3,1,11
BRDA:22,4,0,12
BRDA:22,4,1,11
BRDA:32,5,0,5
BRDA:32,5,1,6
BRDA:32,6,0,11
BRDA:32,6,1,8
BRF:14
BRH:14
end_of_record
TN:
SF:src\utils\mediaUtils.js
FN:3,(anonymous_0)
FN:6,(anonymous_1)
FNF:2
FNH:2
FNDA:50,(anonymous_0)
FNDA:40,(anonymous_1)
DA:1,5
DA:3,5
DA:4,50
DA:6,5
DA:7,40
DA:8,1
DA:20,39
DA:22,40
LF:8
LH:8
BRDA:4,0,0,50
BRDA:4,0,1,45
BRDA:6,1,0,40
BRDA:7,2,0,1
BRDA:7,2,1,39
BRDA:20,3,0,36
BRDA:20,3,1,3
BRDA:20,4,0,39
BRDA:20,4,1,37
BRF:9
BRH:9
end_of_record
