TN:
SF:src\app.js
FN:15,(anonymous_0)
FNF:1
FNH:1
FNDA:1,(anonymous_0)
DA:8,3
DA:11,3
DA:12,3
DA:15,3
DA:16,1
DA:20,3
DA:21,3
DA:22,3
LF:8
LH:8
BRF:0
BRH:0
end_of_record
TN:
SF:src\config\cors.js
FN:8,(anonymous_0)
FN:10,(anonymous_1)
FN:18,(anonymous_2)
FN:26,(anonymous_3)
FNF:4
FNH:1
FNDA:0,(anonymous_0)
FNDA:0,(anonymous_1)
FNDA:0,(anonymous_2)
FNDA:76,(anonymous_3)
DA:1,3
DA:8,3
DA:10,3
DA:11,0
DA:12,0
DA:18,3
DA:19,0
DA:20,0
DA:21,0
DA:22,0
DA:25,3
DA:28,76
DA:29,76
DA:32,0
DA:33,0
DA:35,0
DA:36,0
DA:39,0
LF:18
LH:7
BRDA:8,0,0,0
BRDA:8,0,1,0
BRDA:11,1,0,0
BRDA:11,1,1,0
BRDA:21,2,0,0
BRDA:21,2,1,0
BRDA:28,3,0,76
BRDA:28,3,1,0
BRDA:35,4,0,0
BRDA:35,4,1,0
BRF:10
BRH:1
end_of_record
TN:
SF:src\controllers\authController.js
FN:4,(anonymous_0)
FN:30,(anonymous_1)
FNF:2
FNH:2
FNDA:4,(anonymous_0)
FNDA:3,(anonymous_1)
DA:4,3
DA:5,4
DA:6,4
DA:7,4
DA:8,2
DA:15,2
DA:16,1
DA:21,1
DA:22,1
DA:23,1
DA:30,3
DA:31,3
DA:32,3
DA:33,3
DA:34,0
DA:41,3
DA:42,1
DA:47,2
DA:48,2
DA:49,2
LF:20
LH:19
BRDA:6,0,0,4
BRDA:6,0,1,0
BRDA:7,1,0,2
BRDA:7,1,1,2
BRDA:22,2,0,1
BRDA:22,2,1,0
BRDA:25,3,0,1
BRDA:25,3,1,0
BRDA:32,4,0,3
BRDA:32,4,1,0
BRDA:33,5,0,0
BRDA:33,5,1,3
BRDA:48,6,0,2
BRDA:48,6,1,0
BRDA:51,7,0,2
BRDA:51,7,1,0
BRF:16
BRH:9
end_of_record
TN:
SF:src\controllers\bookingController.js
FN:4,(anonymous_0)
FN:23,(anonymous_1)
FN:53,(anonymous_2)
FNF:3
FNH:3
FNDA:2,(anonymous_0)
FNDA:28,(anonymous_1)
FNDA:35,(anonymous_2)
DA:4,3
DA:5,2
DA:6,2
DA:8,2
DA:10,2
DA:15,0
DA:16,0
DA:23,3
DA:24,28
DA:25,28
DA:26,28
DA:27,2
DA:34,26
DA:35,26
DA:37,26
DA:39,24
DA:44,2
DA:45,2
DA:46,2
DA:53,3
DA:54,35
DA:55,35
DA:56,35
DA:57,35
DA:59,35
DA:65,19
DA:70,16
DA:71,16
DA:72,16
LF:29
LH:27
BRDA:25,0,0,28
BRDA:25,0,1,0
BRDA:26,1,0,2
BRDA:26,1,1,26
BRDA:45,2,0,2
BRDA:45,2,1,0
BRDA:48,3,0,2
BRDA:48,3,1,0
BRDA:57,4,0,35
BRDA:57,4,1,0
BRDA:71,5,0,16
BRDA:71,5,1,0
BRDA:74,6,0,16
BRDA:74,6,1,0
BRF:14
BRH:8
end_of_record
TN:
SF:src\controllers\listingController.js
FN:9,(anonymous_0)
FN:42,(anonymous_1)
FN:72,(anonymous_2)
FN:91,(anonymous_3)
FN:118,(anonymous_4)
FN:139,(anonymous_5)
FN:169,(anonymous_6)
FNF:7
FNH:0
FNDA:0,(anonymous_0)
FNDA:0,(anonymous_1)
FNDA:0,(anonymous_2)
FNDA:0,(anonymous_3)
FNDA:0,(anonymous_4)
FNDA:0,(anonymous_5)
FNDA:0,(anonymous_6)
DA:9,3
DA:10,0
DA:11,0
DA:13,0
DA:21,0
DA:23,0
DA:30,0
DA:32,0
DA:42,3
DA:43,0
DA:44,0
DA:47,0
DA:50,0
DA:51,0
DA:58,0
DA:63,0
DA:65,0
DA:72,3
DA:73,0
DA:74,0
DA:76,0
DA:78,0
DA:83,0
DA:84,0
DA:91,3
DA:92,0
DA:93,0
DA:94,0
DA:95,0
DA:102,0
DA:103,0
DA:105,0
DA:110,0
DA:111,0
DA:118,3
DA:119,0
DA:120,0
DA:122,0
DA:127,0
DA:128,0
DA:129,0
DA:139,3
DA:140,0
DA:141,0
DA:142,0
DA:143,0
DA:150,0
DA:151,0
DA:153,0
DA:155,0
DA:160,0
DA:161,0
DA:162,0
DA:169,3
DA:170,0
DA:171,0
DA:172,0
DA:173,0
DA:175,0
DA:180,0
DA:181,0
DA:182,0
LF:62
LH:7
BRDA:14,0,0,0
BRDA:14,0,1,0
BRDA:15,1,0,0
BRDA:15,1,1,0
BRDA:16,2,0,0
BRDA:16,2,1,0
BRDA:17,3,0,0
BRDA:17,3,1,0
BRDA:27,4,0,0
BRDA:27,4,1,0
BRDA:50,5,0,0
BRDA:50,5,1,0
BRDA:93,6,0,0
BRDA:93,6,1,0
BRDA:94,7,0,0
BRDA:94,7,1,0
BRDA:128,8,0,0
BRDA:128,8,1,0
BRDA:131,9,0,0
BRDA:131,9,1,0
BRDA:141,10,0,0
BRDA:141,10,1,0
BRDA:142,11,0,0
BRDA:142,11,1,0
BRDA:161,12,0,0
BRDA:161,12,1,0
BRDA:164,13,0,0
BRDA:164,13,1,0
BRDA:181,14,0,0
BRDA:181,14,1,0
BRDA:184,15,0,0
BRDA:184,15,1,0
BRF:32
BRH:0
end_of_record
TN:
SF:src\middleware\authMiddleware.js
FN:4,(anonymous_0)
FNF:1
FNH:1
FNDA:67,(anonymous_0)
DA:4,3
DA:5,67
DA:6,67
DA:7,67
DA:9,67
DA:10,2
DA:16,65
DA:17,0
DA:23,65
DA:24,65
DA:26,67
DA:27,0
DA:33,65
DA:45,65
DA:46,0
DA:52,65
DA:53,65
DA:55,0
LF:18
LH:14
BRDA:6,0,0,67
BRDA:6,0,1,2
BRDA:9,1,0,2
BRDA:9,1,1,65
BRDA:9,2,0,67
BRDA:9,2,1,65
BRDA:16,3,0,0
BRDA:16,3,1,65
BRDA:26,4,0,0
BRDA:26,4,1,67
BRDA:45,5,0,0
BRDA:45,5,1,65
BRF:12
BRH:9
end_of_record
TN:
SF:src\routes\authRoutes.js
FNF:0
FNH:0
DA:5,3
DA:7,3
DA:18,3
DA:19,3
LF:4
LH:4
BRF:0
BRH:0
end_of_record
TN:
SF:src\routes\bookingRoutes.js
FNF:0
FNH:0
DA:5,3
DA:7,3
DA:8,3
DA:9,3
LF:4
LH:4
BRF:0
BRH:0
end_of_record
TN:
SF:src\routes\listingRoutes.js
FNF:0
FNH:0
DA:6,3
DA:10,3
DA:14,3
DA:17,3
DA:18,3
DA:19,3
DA:20,3
DA:23,3
LF:8
LH:8
BRF:0
BRH:0
end_of_record
TN:
SF:src\services\authService.js
FN:7,constructor
FN:17,(anonymous_1)
FN:25,(anonymous_2)
FN:34,(anonymous_3)
FN:46,(anonymous_4)
FN:81,(anonymous_5)
FNF:6
FNH:6
FNDA:3,constructor
FNDA:2,(anonymous_1)
FNDA:2,(anonymous_2)
FNDA:2,(anonymous_3)
FNDA:2,(anonymous_4)
FNDA:3,(anonymous_5)
DA:8,3
DA:9,3
DA:10,3
DA:14,3
DA:15,3
DA:17,3
DA:18,2
DA:19,2
DA:20,0
DA:22,2
DA:25,3
DA:34,3
DA:35,2
DA:36,2
DA:46,3
DA:47,2
DA:48,0
DA:51,2
DA:53,2
DA:59,2
DA:61,2
DA:62,1
DA:65,1
DA:66,1
DA:68,1
DA:73,1
DA:75,1
DA:81,3
DA:82,3
DA:83,0
DA:86,3
DA:87,3
DA:93,3
DA:95,3
DA:96,1
DA:99,2
DA:100,2
DA:101,1
DA:104,1
LF:39
LH:36
BRDA:19,0,0,0
BRDA:19,0,1,2
BRDA:47,1,0,0
BRDA:47,1,1,2
BRDA:47,2,0,2
BRDA:47,2,1,2
BRDA:47,2,2,2
BRDA:61,3,0,1
BRDA:61,3,1,1
BRDA:82,4,0,0
BRDA:82,4,1,3
BRDA:82,5,0,3
BRDA:82,5,1,3
BRDA:95,6,0,1
BRDA:95,6,1,2
BRDA:100,7,0,1
BRDA:100,7,1,1
BRF:17
BRH:14
end_of_record
TN:
SF:src\services\bookingService.js
FN:4,constructor
FN:29,(anonymous_1)
FN:70,(anonymous_2)
FN:154,(anonymous_3)
FNF:4
FNH:4
FNDA:18,constructor
FNDA:2,(anonymous_1)
FNDA:26,(anonymous_2)
FNDA:35,(anonymous_3)
DA:5,18
DA:6,18
DA:7,18
DA:11,3
DA:22,3
DA:29,3
DA:30,2
DA:55,2
DA:61,2
DA:67,2
DA:70,3
DA:71,26
DA:73,26
DA:74,0
DA:77,26
DA:78,26
DA:79,26
DA:80,0
DA:83,26
DA:84,0
DA:87,26
DA:97,26
DA:98,1
DA:101,25
DA:102,1
DA:105,24
DA:119,24
DA:120,0
DA:123,24
DA:124,24
DA:126,24
DA:141,24
DA:144,3
DA:154,3
DA:155,35
DA:156,0
DA:159,35
DA:160,35
DA:161,1
DA:164,34
DA:177,34
DA:178,0
DA:181,34
DA:182,34
DA:183,34
DA:184,1
DA:187,33
DA:188,33
DA:190,33
DA:191,11
DA:192,1
DA:194,10
DA:195,1
DA:198,9
DA:209,9
DA:210,2
DA:213,7
DA:214,7
DA:215,22
DA:216,4
DA:217,1
DA:219,3
DA:220,0
DA:222,3
DA:223,18
DA:224,5
DA:225,3
DA:227,2
DA:228,0
DA:230,2
DA:231,13
DA:232,2
DA:233,1
DA:235,1
DA:236,0
DA:238,1
DA:239,11
DA:240,2
DA:241,1
DA:243,1
DA:244,0
DA:246,1
DA:247,1
DA:248,9
DA:249,2
DA:250,1
DA:252,1
DA:253,0
DA:255,1
DA:256,7
DA:257,7
DA:258,3
DA:260,4
DA:261,4
DA:262,4
DA:265,19
LF:96
LH:85
BRDA:71,0,0,26
BRDA:71,1,0,26
BRDA:71,2,0,26
BRDA:71,2,1,0
BRDA:73,3,0,0
BRDA:73,3,1,26
BRDA:73,4,0,26
BRDA:73,4,1,26
BRDA:73,4,2,26
BRDA:73,4,3,26
BRDA:79,5,0,0
BRDA:79,5,1,26
BRDA:79,6,0,26
BRDA:79,6,1,26
BRDA:83,7,0,0
BRDA:83,7,1,26
BRDA:97,8,0,1
BRDA:97,8,1,25
BRDA:101,9,0,1
BRDA:101,9,1,24
BRDA:119,10,0,0
BRDA:119,10,1,24
BRDA:136,11,0,24
BRDA:136,11,1,0
BRDA:137,12,0,0
BRDA:137,12,1,24
BRDA:155,13,0,0
BRDA:155,13,1,35
BRDA:155,14,0,35
BRDA:155,14,1,35
BRDA:155,14,2,35
BRDA:160,15,0,1
BRDA:160,15,1,34
BRDA:177,16,0,0
BRDA:177,16,1,34
BRDA:183,17,0,1
BRDA:183,17,1,33
BRDA:183,18,0,34
BRDA:183,18,1,12
BRDA:190,19,0,11
BRDA:190,19,1,22
BRDA:191,20,0,1
BRDA:191,20,1,10
BRDA:194,21,0,1
BRDA:194,21,1,9
BRDA:209,22,0,2
BRDA:209,22,1,7
BRDA:215,23,0,4
BRDA:215,23,1,18
BRDA:216,24,0,1
BRDA:216,24,1,3
BRDA:219,25,0,0
BRDA:219,25,1,3
BRDA:223,26,0,5
BRDA:223,26,1,13
BRDA:224,27,0,3
BRDA:224,27,1,2
BRDA:227,28,0,0
BRDA:227,28,1,2
BRDA:231,29,0,2
BRDA:231,29,1,11
BRDA:232,30,0,1
BRDA:232,30,1,1
BRDA:235,31,0,0
BRDA:235,31,1,1
BRDA:239,32,0,2
BRDA:239,32,1,9
BRDA:240,33,0,1
BRDA:240,33,1,1
BRDA:243,34,0,0
BRDA:243,34,1,1
BRDA:248,35,0,2
BRDA:248,35,1,7
BRDA:249,36,0,1
BRDA:249,36,1,1
BRDA:252,37,0,0
BRDA:252,37,1,1
BRDA:256,38,0,7
BRDA:256,38,1,0
BRDA:257,39,0,3
BRDA:257,39,1,4
BRF:81
BRH:66
end_of_record
TN:
SF:src\services\listingService.js
FN:4,constructor
FN:31,(anonymous_1)
FN:92,(anonymous_2)
FN:140,(anonymous_3)
FN:164,(anonymous_4)
FN:180,(anonymous_5)
FN:216,(anonymous_6)
FN:257,(anonymous_7)
FN:271,(anonymous_8)
FNF:9
FNH:0
FNDA:0,constructor
FNDA:0,(anonymous_1)
FNDA:0,(anonymous_2)
FNDA:0,(anonymous_3)
FNDA:0,(anonymous_4)
FNDA:0,(anonymous_5)
FNDA:0,(anonymous_6)
FNDA:0,(anonymous_7)
FNDA:0,(anonymous_8)
DA:5,0
DA:6,0
DA:7,0
DA:11,3
DA:31,3
DA:32,0
DA:34,0
DA:36,0
DA:37,0
DA:44,0
DA:45,0
DA:48,0
DA:51,0
DA:52,0
DA:53,0
DA:54,0
DA:56,0
DA:67,0
DA:78,0
DA:84,0
DA:92,3
DA:93,0
DA:133,0
DA:140,3
DA:141,0
DA:158,0
DA:164,3
DA:165,0
DA:180,0
DA:208,0
DA:216,3
DA:217,0
DA:222,0
DA:223,0
DA:226,0
DA:227,0
DA:230,0
DA:232,0
DA:233,0
DA:234,0
DA:235,0
DA:236,0
DA:237,0
DA:238,0
DA:239,0
DA:240,0
DA:241,0
DA:242,0
DA:244,0
DA:246,0
DA:247,0
DA:250,0
DA:257,0
DA:268,0
DA:271,3
DA:272,0
DA:277,0
DA:278,0
DA:281,0
DA:282,0
DA:285,0
DA:290,0
LF:62
LH:7
BRDA:31,0,0,0
BRDA:36,1,0,0
BRDA:36,1,1,0
BRDA:44,2,0,0
BRDA:44,2,1,0
BRDA:48,3,0,0
BRDA:48,3,1,0
BRDA:48,3,2,0
BRDA:48,3,3,0
BRDA:51,4,0,0
BRDA:51,4,1,0
BRDA:176,5,0,0
BRDA:176,5,1,0
BRDA:180,6,0,0
BRDA:180,6,1,0
BRDA:182,7,0,0
BRDA:182,7,1,0
BRDA:222,8,0,0
BRDA:222,8,1,0
BRDA:222,9,0,0
BRDA:222,9,1,0
BRDA:226,10,0,0
BRDA:226,10,1,0
BRDA:232,11,0,0
BRDA:232,11,1,0
BRDA:233,12,0,0
BRDA:233,12,1,0
BRDA:234,13,0,0
BRDA:234,13,1,0
BRDA:235,14,0,0
BRDA:235,14,1,0
BRDA:236,15,0,0
BRDA:236,15,1,0
BRDA:237,16,0,0
BRDA:237,16,1,0
BRDA:238,17,0,0
BRDA:238,17,1,0
BRDA:239,18,0,0
BRDA:239,18,1,0
BRDA:240,19,0,0
BRDA:240,19,1,0
BRDA:241,20,0,0
BRDA:241,20,1,0
BRDA:242,21,0,0
BRDA:242,21,1,0
BRDA:246,22,0,0
BRDA:246,22,1,0
BRDA:254,23,0,0
BRDA:254,23,1,0
BRDA:259,24,0,0
BRDA:259,24,1,0
BRDA:277,25,0,0
BRDA:277,25,1,0
BRDA:277,26,0,0
BRDA:277,26,1,0
BRDA:281,27,0,0
BRDA:281,27,1,0
BRF:57
BRH:0
end_of_record
TN:
SF:src\utils\validation.js
FN:16,(anonymous_0)
FN:23,(anonymous_1)
FN:27,(anonymous_2)
FN:79,(anonymous_3)
FN:121,(anonymous_4)
FN:140,(anonymous_5)
FN:151,(anonymous_6)
FN:154,(anonymous_7)
FNF:8
FNH:6
FNDA:4,(anonymous_0)
FNDA:56,(anonymous_1)
FNDA:18,(anonymous_2)
FNDA:0,(anonymous_3)
FNDA:0,(anonymous_4)
FNDA:28,(anonymous_5)
FNDA:35,(anonymous_6)
FNDA:7,(anonymous_7)
DA:3,3
DA:10,3
DA:16,4
DA:20,3
DA:23,56
DA:27,3
DA:28,18
DA:32,3
DA:42,3
DA:47,3
DA:79,0
DA:86,3
DA:122,0
DA:123,0
DA:125,0
DA:133,3
DA:140,28
DA:151,3
DA:152,35
DA:153,35
DA:154,7
DA:158,4
DA:160,31
LF:23
LH:19
BRDA:122,0,0,0
BRDA:122,0,1,0
BRDA:122,1,0,0
BRDA:122,1,1,0
BRDA:153,2,0,4
BRDA:153,2,1,31
BRF:6
BRH:2
end_of_record
