TN:
SF:src\app.js
FN:31,(anonymous_0)
FN:33,(anonymous_1)
FN:34,(anonymous_2)
FN:41,(anonymous_3)
FNF:4
FNH:3
FNDA:76,(anonymous_0)
FNDA:75,(anonymous_1)
FNDA:0,(anonymous_2)
FNDA:1,(anonymous_3)
DA:13,3
DA:18,3
DA:21,3
DA:24,3
DA:27,3
DA:31,76
DA:33,75
DA:34,0
DA:41,3
DA:42,1
DA:43,1
DA:44,1
DA:45,1
DA:47,0
DA:49,1
DA:51,1
DA:59,1
DA:63,3
DA:64,3
DA:65,3
DA:70,3
DA:73,3
LF:22
LH:20
BRDA:56,0,0,1
BRDA:56,0,1,0
BRF:2
BRH:1
end_of_record
TN:
SF:src\config\cors.js
FN:8,(anonymous_0)
FN:10,(anonymous_1)
FN:18,(anonymous_2)
FN:26,(anonymous_3)
FNF:4
FNH:1
FNDA:0,(anonymous_0)
FNDA:0,(anonymous_1)
FNDA:0,(anonymous_2)
FNDA:76,(anonymous_3)
DA:1,3
DA:8,3
DA:10,3
DA:11,0
DA:12,0
DA:18,3
DA:19,0
DA:20,0
DA:21,0
DA:22,0
DA:25,3
DA:28,76
DA:29,76
DA:32,0
DA:33,0
DA:35,0
DA:36,0
DA:39,0
LF:18
LH:7
BRDA:8,0,0,0
BRDA:8,0,1,0
BRDA:11,1,0,0
BRDA:11,1,1,0
BRDA:21,2,0,0
BRDA:21,2,1,0
BRDA:28,3,0,76
BRDA:28,3,1,0
BRDA:35,4,0,0
BRDA:35,4,1,0
BRF:10
BRH:1
end_of_record
TN:
SF:src\controllers\authController.js
FN:4,(anonymous_0)
FN:27,(anonymous_1)
FNF:2
FNH:2
FNDA:4,(anonymous_0)
FNDA:3,(anonymous_1)
DA:4,3
DA:5,4
DA:6,4
DA:7,4
DA:8,2
DA:16,2
DA:17,1
DA:22,1
DA:23,1
DA:27,3
DA:28,3
DA:29,3
DA:30,3
DA:31,0
DA:39,3
DA:40,1
DA:41,3
DA:46,2
DA:47,2
LF:19
LH:18
BRDA:6,0,0,4
BRDA:6,0,1,0
BRDA:7,1,0,2
BRDA:7,1,1,2
BRDA:29,2,0,3
BRDA:29,2,1,0
BRDA:30,3,0,0
BRDA:30,3,1,3
BRF:8
BRH:5
end_of_record
TN:
SF:src\controllers\bookingController.js
FN:4,(anonymous_0)
FN:20,(anonymous_1)
FN:47,(anonymous_2)
FNF:3
FNH:3
FNDA:2,(anonymous_0)
FNDA:28,(anonymous_1)
FNDA:35,(anonymous_2)
DA:4,3
DA:5,2
DA:6,2
DA:8,2
DA:10,2
DA:15,0
DA:16,0
DA:20,3
DA:21,28
DA:22,28
DA:23,28
DA:24,2
DA:32,26
DA:33,26
DA:35,26
DA:37,24
DA:42,2
DA:43,2
DA:47,3
DA:48,35
DA:49,35
DA:50,35
DA:51,35
DA:53,35
DA:59,19
DA:64,16
DA:65,16
LF:27
LH:25
BRDA:22,0,0,28
BRDA:22,0,1,0
BRDA:23,1,0,2
BRDA:23,1,1,26
BRDA:51,2,0,35
BRDA:51,2,1,0
BRF:6
BRH:4
end_of_record
TN:
SF:src\controllers\listingController.js
FN:9,(anonymous_0)
FN:34,(anonymous_1)
FN:58,(anonymous_2)
FN:74,(anonymous_3)
FN:99,(anonymous_4)
FN:113,(anonymous_5)
FN:140,(anonymous_6)
FNF:7
FNH:0
FNDA:0,(anonymous_0)
FNDA:0,(anonymous_1)
FNDA:0,(anonymous_2)
FNDA:0,(anonymous_3)
FNDA:0,(anonymous_4)
FNDA:0,(anonymous_5)
FNDA:0,(anonymous_6)
DA:9,3
DA:10,0
DA:11,0
DA:13,0
DA:20,0
DA:22,0
DA:29,0
DA:30,0
DA:34,3
DA:35,0
DA:36,0
DA:38,0
DA:40,0
DA:41,0
DA:48,0
DA:53,0
DA:54,0
DA:58,3
DA:59,0
DA:60,0
DA:62,0
DA:64,0
DA:69,0
DA:70,0
DA:74,3
DA:75,0
DA:76,0
DA:77,0
DA:78,0
DA:86,0
DA:87,0
DA:89,0
DA:94,0
DA:95,0
DA:99,3
DA:100,0
DA:101,0
DA:103,0
DA:108,0
DA:109,0
DA:113,3
DA:114,0
DA:115,0
DA:116,0
DA:117,0
DA:125,0
DA:126,0
DA:128,0
DA:130,0
DA:135,0
DA:136,0
DA:140,3
DA:141,0
DA:142,0
DA:143,0
DA:144,0
DA:146,0
DA:151,0
DA:152,0
LF:59
LH:7
BRDA:14,0,0,0
BRDA:14,0,1,0
BRDA:15,1,0,0
BRDA:15,1,1,0
BRDA:16,2,0,0
BRDA:16,2,1,0
BRDA:17,3,0,0
BRDA:17,3,1,0
BRDA:26,4,0,0
BRDA:26,4,1,0
BRDA:40,5,0,0
BRDA:40,5,1,0
BRDA:76,6,0,0
BRDA:76,6,1,0
BRDA:77,7,0,0
BRDA:77,7,1,0
BRDA:115,8,0,0
BRDA:115,8,1,0
BRDA:116,9,0,0
BRDA:116,9,1,0
BRF:20
BRH:0
end_of_record
TN:
SF:src\middleware\authMiddleware.js
FN:5,(anonymous_0)
FNF:1
FNH:1
FNDA:67,(anonymous_0)
DA:5,3
DA:6,67
DA:7,67
DA:8,67
DA:10,67
DA:11,2
DA:12,2
DA:19,65
DA:20,0
DA:21,0
DA:28,65
DA:29,65
DA:31,67
DA:32,0
DA:33,0
DA:40,65
DA:52,65
DA:53,0
DA:54,0
DA:61,65
DA:62,65
DA:64,0
DA:65,0
LF:23
LH:15
BRDA:7,0,0,67
BRDA:7,0,1,2
BRDA:10,1,0,2
BRDA:10,1,1,65
BRDA:10,2,0,67
BRDA:10,2,1,65
BRDA:19,3,0,0
BRDA:19,3,1,65
BRDA:31,4,0,0
BRDA:31,4,1,67
BRDA:52,5,0,0
BRDA:52,5,1,65
BRF:12
BRH:9
end_of_record
TN:
SF:src\middleware\errorMiddleware.js
FN:4,(anonymous_0)
FN:42,(anonymous_1)
FNF:2
FNH:2
FNDA:21,(anonymous_0)
FNDA:1,(anonymous_1)
DA:4,3
DA:5,21
DA:6,21
DA:8,21
DA:9,21
DA:10,21
DA:16,21
DA:17,21
DA:28,21
DA:35,21
DA:36,21
DA:39,21
DA:42,3
DA:43,1
DA:44,1
DA:45,1
LF:16
LH:16
BRDA:6,0,0,21
BRDA:6,0,1,0
BRDA:9,1,0,21
BRDA:9,1,1,0
BRDA:10,2,0,21
BRDA:10,2,1,0
BRDA:12,3,0,0
BRDA:12,3,1,0
BRDA:14,4,0,0
BRDA:14,4,1,0
BRDA:16,5,0,0
BRDA:16,5,1,21
BRDA:23,6,0,21
BRDA:23,6,1,0
BRDA:25,7,0,21
BRDA:25,7,1,0
BRDA:31,8,0,0
BRDA:31,8,1,21
BRDA:35,9,0,21
BRDA:35,9,1,0
BRDA:35,10,0,21
BRDA:35,10,1,21
BRDA:43,11,0,1
BRDA:43,11,1,0
BRF:24
BRH:11
end_of_record
TN:
SF:src\middleware\requestContext.js
FN:3,(anonymous_0)
FNF:1
FNH:1
FNDA:76,(anonymous_0)
DA:3,3
DA:4,76
DA:5,76
DA:6,76
DA:7,76
DA:8,76
LF:6
LH:6
BRF:0
BRH:0
end_of_record
TN:
SF:src\routes\authRoutes.js
FN:17,(anonymous_0)
FNF:1
FNH:0
FNDA:0,(anonymous_0)
DA:6,3
DA:8,3
DA:18,0
DA:22,0
DA:26,3
DA:27,3
LF:6
LH:4
BRF:0
BRH:0
end_of_record
TN:
SF:src\routes\bookingRoutes.js
FNF:0
FNH:0
DA:5,3
DA:7,3
DA:8,3
DA:9,3
LF:4
LH:4
BRF:0
BRH:0
end_of_record
TN:
SF:src\routes\listingRoutes.js
FNF:0
FNH:0
DA:6,3
DA:10,3
DA:14,3
DA:17,3
DA:18,3
DA:19,3
DA:20,3
DA:23,3
LF:8
LH:8
BRF:0
BRH:0
end_of_record
TN:
SF:src\services\authService.js
FN:9,constructor
FN:18,(anonymous_1)
FN:26,(anonymous_2)
FN:35,(anonymous_3)
FN:47,(anonymous_4)
FN:82,(anonymous_5)
FNF:6
FNH:6
FNDA:3,constructor
FNDA:2,(anonymous_1)
FNDA:2,(anonymous_2)
FNDA:2,(anonymous_3)
FNDA:2,(anonymous_4)
FNDA:3,(anonymous_5)
DA:10,3
DA:11,3
DA:15,3
DA:16,3
DA:18,3
DA:19,2
DA:20,2
DA:21,0
DA:23,2
DA:26,3
DA:35,3
DA:36,2
DA:37,2
DA:47,3
DA:48,2
DA:49,0
DA:52,2
DA:54,2
DA:60,2
DA:62,2
DA:63,1
DA:66,1
DA:67,1
DA:69,1
DA:74,1
DA:76,1
DA:82,3
DA:83,3
DA:84,0
DA:87,3
DA:88,3
DA:94,3
DA:96,3
DA:97,1
DA:98,1
DA:101,2
DA:102,2
DA:103,1
DA:104,1
DA:107,1
LF:40
LH:37
BRDA:20,0,0,0
BRDA:20,0,1,2
BRDA:48,1,0,0
BRDA:48,1,1,2
BRDA:48,2,0,2
BRDA:48,2,1,2
BRDA:48,2,2,2
BRDA:62,3,0,1
BRDA:62,3,1,1
BRDA:83,4,0,0
BRDA:83,4,1,3
BRDA:83,5,0,3
BRDA:83,5,1,3
BRDA:96,6,0,1
BRDA:96,6,1,2
BRDA:102,7,0,1
BRDA:102,7,1,1
BRF:17
BRH:14
end_of_record
TN:
SF:src\services\bookingService.js
FN:6,constructor
FN:30,(anonymous_1)
FN:71,(anonymous_2)
FN:155,(anonymous_3)
FNF:4
FNH:4
FNDA:18,constructor
FNDA:2,(anonymous_1)
FNDA:26,(anonymous_2)
FNDA:35,(anonymous_3)
DA:7,18
DA:8,18
DA:12,3
DA:23,3
DA:30,3
DA:31,2
DA:56,2
DA:62,2
DA:68,2
DA:71,3
DA:72,26
DA:74,26
DA:75,0
DA:78,26
DA:79,26
DA:80,26
DA:81,0
DA:84,26
DA:85,0
DA:88,26
DA:98,26
DA:99,1
DA:102,25
DA:103,1
DA:106,24
DA:120,24
DA:121,0
DA:124,24
DA:125,24
DA:127,24
DA:142,24
DA:145,3
DA:155,3
DA:156,35
DA:157,0
DA:160,35
DA:161,35
DA:162,1
DA:165,34
DA:178,34
DA:179,0
DA:182,34
DA:183,34
DA:184,34
DA:185,1
DA:189,1
DA:192,33
DA:193,33
DA:195,33
DA:196,11
DA:197,1
DA:198,1
DA:200,10
DA:201,1
DA:204,9
DA:215,9
DA:216,2
DA:219,7
DA:220,7
DA:221,22
DA:222,4
DA:223,1
DA:225,3
DA:226,0
DA:228,3
DA:229,18
DA:230,5
DA:231,3
DA:233,2
DA:234,0
DA:236,2
DA:237,13
DA:238,2
DA:239,1
DA:241,1
DA:242,0
DA:244,1
DA:245,11
DA:246,2
DA:247,1
DA:249,1
DA:250,0
DA:252,1
DA:253,1
DA:254,9
DA:255,2
DA:256,1
DA:258,1
DA:259,0
DA:261,1
DA:262,7
DA:263,7
DA:264,3
DA:266,4
DA:267,4
DA:268,4
DA:271,19
LF:97
LH:86
BRDA:72,0,0,26
BRDA:72,1,0,26
BRDA:72,2,0,26
BRDA:72,2,1,0
BRDA:74,3,0,0
BRDA:74,3,1,26
BRDA:74,4,0,26
BRDA:74,4,1,26
BRDA:74,4,2,26
BRDA:74,4,3,26
BRDA:80,5,0,0
BRDA:80,5,1,26
BRDA:80,6,0,26
BRDA:80,6,1,26
BRDA:84,7,0,0
BRDA:84,7,1,26
BRDA:98,8,0,1
BRDA:98,8,1,25
BRDA:102,9,0,1
BRDA:102,9,1,24
BRDA:120,10,0,0
BRDA:120,10,1,24
BRDA:137,11,0,24
BRDA:137,11,1,0
BRDA:138,12,0,0
BRDA:138,12,1,24
BRDA:156,13,0,0
BRDA:156,13,1,35
BRDA:156,14,0,35
BRDA:156,14,1,35
BRDA:156,14,2,35
BRDA:161,15,0,1
BRDA:161,15,1,34
BRDA:178,16,0,0
BRDA:178,16,1,34
BRDA:184,17,0,1
BRDA:184,17,1,33
BRDA:184,18,0,34
BRDA:184,18,1,12
BRDA:195,19,0,11
BRDA:195,19,1,22
BRDA:196,20,0,1
BRDA:196,20,1,10
BRDA:200,21,0,1
BRDA:200,21,1,9
BRDA:215,22,0,2
BRDA:215,22,1,7
BRDA:221,23,0,4
BRDA:221,23,1,18
BRDA:222,24,0,1
BRDA:222,24,1,3
BRDA:225,25,0,0
BRDA:225,25,1,3
BRDA:229,26,0,5
BRDA:229,26,1,13
BRDA:230,27,0,3
BRDA:230,27,1,2
BRDA:233,28,0,0
BRDA:233,28,1,2
BRDA:237,29,0,2
BRDA:237,29,1,11
BRDA:238,30,0,1
BRDA:238,30,1,1
BRDA:241,31,0,0
BRDA:241,31,1,1
BRDA:245,32,0,2
BRDA:245,32,1,9
BRDA:246,33,0,1
BRDA:246,33,1,1
BRDA:249,34,0,0
BRDA:249,34,1,1
BRDA:254,35,0,2
BRDA:254,35,1,7
BRDA:255,36,0,1
BRDA:255,36,1,1
BRDA:258,37,0,0
BRDA:258,37,1,1
BRDA:262,38,0,7
BRDA:262,38,1,0
BRDA:263,39,0,3
BRDA:263,39,1,4
BRF:81
BRH:66
end_of_record
TN:
SF:src\services\listingService.js
FN:5,constructor
FN:31,(anonymous_1)
FN:92,(anonymous_2)
FN:140,(anonymous_3)
FN:164,(anonymous_4)
FN:180,(anonymous_5)
FN:216,(anonymous_6)
FN:257,(anonymous_7)
FN:271,(anonymous_8)
FNF:9
FNH:0
FNDA:0,constructor
FNDA:0,(anonymous_1)
FNDA:0,(anonymous_2)
FNDA:0,(anonymous_3)
FNDA:0,(anonymous_4)
FNDA:0,(anonymous_5)
FNDA:0,(anonymous_6)
FNDA:0,(anonymous_7)
FNDA:0,(anonymous_8)
DA:6,0
DA:7,0
DA:11,3
DA:31,3
DA:32,0
DA:34,0
DA:36,0
DA:37,0
DA:44,0
DA:45,0
DA:48,0
DA:51,0
DA:52,0
DA:53,0
DA:54,0
DA:56,0
DA:67,0
DA:78,0
DA:84,0
DA:92,3
DA:93,0
DA:133,0
DA:140,3
DA:141,0
DA:158,0
DA:164,3
DA:165,0
DA:180,0
DA:208,0
DA:216,3
DA:217,0
DA:222,0
DA:223,0
DA:226,0
DA:227,0
DA:230,0
DA:232,0
DA:233,0
DA:234,0
DA:235,0
DA:236,0
DA:237,0
DA:238,0
DA:239,0
DA:240,0
DA:241,0
DA:242,0
DA:244,0
DA:246,0
DA:247,0
DA:250,0
DA:257,0
DA:268,0
DA:271,3
DA:272,0
DA:277,0
DA:278,0
DA:281,0
DA:282,0
DA:285,0
DA:290,0
LF:61
LH:7
BRDA:31,0,0,0
BRDA:36,1,0,0
BRDA:36,1,1,0
BRDA:44,2,0,0
BRDA:44,2,1,0
BRDA:48,3,0,0
BRDA:48,3,1,0
BRDA:48,3,2,0
BRDA:48,3,3,0
BRDA:51,4,0,0
BRDA:51,4,1,0
BRDA:176,5,0,0
BRDA:176,5,1,0
BRDA:180,6,0,0
BRDA:180,6,1,0
BRDA:182,7,0,0
BRDA:182,7,1,0
BRDA:222,8,0,0
BRDA:222,8,1,0
BRDA:222,9,0,0
BRDA:222,9,1,0
BRDA:226,10,0,0
BRDA:226,10,1,0
BRDA:232,11,0,0
BRDA:232,11,1,0
BRDA:233,12,0,0
BRDA:233,12,1,0
BRDA:234,13,0,0
BRDA:234,13,1,0
BRDA:235,14,0,0
BRDA:235,14,1,0
BRDA:236,15,0,0
BRDA:236,15,1,0
BRDA:237,16,0,0
BRDA:237,16,1,0
BRDA:238,17,0,0
BRDA:238,17,1,0
BRDA:239,18,0,0
BRDA:239,18,1,0
BRDA:240,19,0,0
BRDA:240,19,1,0
BRDA:241,20,0,0
BRDA:241,20,1,0
BRDA:242,21,0,0
BRDA:242,21,1,0
BRDA:246,22,0,0
BRDA:246,22,1,0
BRDA:254,23,0,0
BRDA:254,23,1,0
BRDA:259,24,0,0
BRDA:259,24,1,0
BRDA:277,25,0,0
BRDA:277,25,1,0
BRDA:277,26,0,0
BRDA:277,26,1,0
BRDA:281,27,0,0
BRDA:281,27,1,0
BRF:57
BRH:0
end_of_record
TN:
SF:src\utils\AppError.js
FN:2,constructor
FN:13,constructor_2
FN:19,constructor_3
FN:25,constructor_4
FN:31,constructor_5
FN:37,constructor_6
FN:43,constructor_7
FN:49,constructor_8
FNF:8
FNH:1
FNDA:21,constructor
FNDA:0,constructor_2
FNDA:0,constructor_3
FNDA:0,constructor_4
FNDA:0,constructor_5
FNDA:0,constructor_6
FNDA:0,constructor_7
FNDA:0,constructor_8
DA:3,21
DA:4,21
DA:5,21
DA:6,21
DA:7,21
DA:8,21
DA:14,0
DA:20,0
DA:26,0
DA:32,0
DA:38,0
DA:44,0
DA:50,0
LF:13
LH:6
BRDA:2,0,0,21
BRDA:2,1,0,21
BRDA:13,2,0,0
BRDA:13,3,0,0
BRDA:19,4,0,0
BRDA:25,5,0,0
BRDA:31,6,0,0
BRDA:37,7,0,0
BRDA:43,8,0,0
BRDA:43,9,0,0
BRDA:49,10,0,0
BRF:11
BRH:2
end_of_record
TN:
SF:src\utils\logger.js
FN:18,(anonymous_0)
FN:30,(anonymous_1)
FN:54,(anonymous_2)
FNF:3
FNH:1
FNDA:0,(anonymous_0)
FNDA:0,(anonymous_1)
FNDA:76,(anonymous_2)
DA:4,3
DA:5,3
DA:7,3
DA:18,0
DA:30,0
DA:54,76
LF:6
LH:4
BRDA:5,0,0,3
BRDA:5,0,1,3
BRDA:5,1,0,0
BRDA:5,1,1,3
BRDA:9,2,0,0
BRDA:9,2,1,3
BRDA:22,3,0,0
BRDA:22,3,1,0
BRF:8
BRH:4
end_of_record
TN:
SF:src\utils\validation.js
FN:16,(anonymous_0)
FN:23,(anonymous_1)
FN:27,(anonymous_2)
FN:79,(anonymous_3)
FN:121,(anonymous_4)
FN:140,(anonymous_5)
FN:151,(anonymous_6)
FN:154,(anonymous_7)
FNF:8
FNH:6
FNDA:4,(anonymous_0)
FNDA:56,(anonymous_1)
FNDA:18,(anonymous_2)
FNDA:0,(anonymous_3)
FNDA:0,(anonymous_4)
FNDA:28,(anonymous_5)
FNDA:35,(anonymous_6)
FNDA:7,(anonymous_7)
DA:3,3
DA:10,3
DA:16,4
DA:20,3
DA:23,56
DA:27,3
DA:28,18
DA:32,3
DA:42,3
DA:47,3
DA:79,0
DA:86,3
DA:122,0
DA:123,0
DA:125,0
DA:133,3
DA:140,28
DA:151,3
DA:152,35
DA:153,35
DA:154,7
DA:158,4
DA:160,31
LF:23
LH:19
BRDA:122,0,0,0
BRDA:122,0,1,0
BRDA:122,1,0,0
BRDA:122,1,1,0
BRDA:153,2,0,4
BRDA:153,2,1,31
BRF:6
BRH:2
end_of_record
